[1.065s] Invoking command in '/home/trsa2024/ros2_lab3/src/goals_and_navigation': PYTHONPATH=/home/trsa2024/ros2_lab3/build/goals_and_navigation/prefix_override:/home/trsa2024/ros2_lab3/install/goals_and_navigation/lib/python3.10/site-packages:${PYTHONPATH} /usr/bin/python3 setup.py egg_info --egg-base ../../build/goals_and_navigation build --build-base /home/trsa2024/ros2_lab3/build/goals_and_navigation/build install --record /home/trsa2024/ros2_lab3/build/goals_and_navigation/install.log --single-version-externally-managed
[1.244s] running egg_info
[1.256s] writing ../../build/goals_and_navigation/goals_and_navigation.egg-info/PKG-INFO
[1.257s] writing dependency_links to ../../build/goals_and_navigation/goals_and_navigation.egg-info/dependency_links.txt
[1.257s] writing entry points to ../../build/goals_and_navigation/goals_and_navigation.egg-info/entry_points.txt
[1.257s] writing requirements to ../../build/goals_and_navigation/goals_and_navigation.egg-info/requires.txt
[1.258s] writing top-level names to ../../build/goals_and_navigation/goals_and_navigation.egg-info/top_level.txt
[1.285s] reading manifest file '../../build/goals_and_navigation/goals_and_navigation.egg-info/SOURCES.txt'
[1.287s] writing manifest file '../../build/goals_and_navigation/goals_and_navigation.egg-info/SOURCES.txt'
[1.288s] running build
[1.288s] running build_py
[1.288s] copying goals_and_navigation/cone_detection.py -> /home/trsa2024/ros2_lab3/build/goals_and_navigation/build/lib/goals_and_navigation
[1.288s] running install
[1.289s] /home/trsa2024/.local/lib/python3.10/site-packages/setuptools/_distutils/cmd.py:66: SetuptoolsDeprecationWarning: setup.py install is deprecated.
[1.289s] !!
[1.289s] 
[1.289s]         ********************************************************************************
[1.289s]         Please avoid running ``setup.py`` directly.
[1.289s]         Instead, use pypa/build, pypa/installer or other
[1.289s]         standards-based tools.
[1.289s] 
[1.289s]         See https://blog.ganssle.io/articles/2021/10/setup-py-deprecated.html for details.
[1.289s]         ********************************************************************************
[1.289s] 
[1.290s] !!
[1.290s]   self.initialize_options()
[1.293s] running install_lib
[1.306s] copying /home/trsa2024/ros2_lab3/build/goals_and_navigation/build/lib/goals_and_navigation/cone_detection.py -> /home/trsa2024/ros2_lab3/install/goals_and_navigation/lib/python3.10/site-packages/goals_and_navigation
[1.307s] byte-compiling /home/trsa2024/ros2_lab3/install/goals_and_navigation/lib/python3.10/site-packages/goals_and_navigation/cone_detection.py to cone_detection.cpython-310.pyc
[1.308s] running install_data
[1.321s] copying package.xml -> /home/trsa2024/ros2_lab3/install/goals_and_navigation/share/goals_and_navigation
[1.321s] running install_egg_info
[1.334s] removing '/home/trsa2024/ros2_lab3/install/goals_and_navigation/lib/python3.10/site-packages/goals_and_navigation-0.0.0-py3.10.egg-info' (and everything under it)
[1.335s] Copying ../../build/goals_and_navigation/goals_and_navigation.egg-info to /home/trsa2024/ros2_lab3/install/goals_and_navigation/lib/python3.10/site-packages/goals_and_navigation-0.0.0-py3.10.egg-info
[1.336s] running install_scripts
[1.463s] Installing detection script to /home/trsa2024/ros2_lab3/install/goals_and_navigation/lib/goals_and_navigation
[1.463s] writing list of installed files to '/home/trsa2024/ros2_lab3/build/goals_and_navigation/install.log'
[1.493s] Invoked command in '/home/trsa2024/ros2_lab3/src/goals_and_navigation' returned '0': PYTHONPATH=/home/trsa2024/ros2_lab3/build/goals_and_navigation/prefix_override:/home/trsa2024/ros2_lab3/install/goals_and_navigation/lib/python3.10/site-packages:${PYTHONPATH} /usr/bin/python3 setup.py egg_info --egg-base ../../build/goals_and_navigation build --build-base /home/trsa2024/ros2_lab3/build/goals_and_navigation/build install --record /home/trsa2024/ros2_lab3/build/goals_and_navigation/install.log --single-version-externally-managed
