[0.275s] Invoking command in '/home/trsa2024/ros2_lab3/build/sam_bot_description': CMAKE_PREFIX_PATH=/opt/ros/humble /usr/bin/cmake /home/trsa2024/ros2_lab3/src/sam_bot_description -DCMAKE_INSTALL_PREFIX=/home/trsa2024/ros2_lab3/install/sam_bot_description
[0.457s] -- The C compiler identification is GNU 11.4.0
[0.602s] -- The CXX compiler identification is GNU 11.4.0
[0.614s] -- Detecting C compiler ABI info
[0.721s] -- Detecting C compiler ABI info - done
[0.728s] -- Check for working C compiler: /usr/bin/cc - skipped
[0.730s] -- Detecting C compile features
[0.732s] -- Detecting C compile features - done
[0.738s] -- Detecting CXX compiler ABI info
[0.852s] -- Detecting CXX compiler ABI info - done
[0.857s] -- Check for working CXX compiler: /usr/bin/c++ - skipped
[0.858s] -- Detecting CXX compile features
[0.859s] -- Detecting CXX compile features - done
[0.863s] -- Found ament_cmake: 1.3.6 (/opt/ros/humble/share/ament_cmake/cmake)
[1.235s] -- Found Python3: /usr/bin/python3.10 (found version "3.10.12") found components: Interpreter 
[1.325s] -- Found ament_lint_auto: 0.12.9 (/opt/ros/humble/share/ament_lint_auto/cmake)
[1.403s] -- Added test 'flake8' to check Python code syntax and style conventions
[1.403s] -- Added test 'lint_cmake' to check CMake code style
[1.404s] -- Added test 'pep257' to check Python code against some of the docstring style conventions in PEP 257
[1.406s] -- Added test 'xmllint' to check XML markup files
[1.407s] -- Configuring done
[1.411s] -- Generating done
[1.411s] -- Build files have been written to: /home/trsa2024/ros2_lab3/build/sam_bot_description
[1.502s] Invoked command in '/home/trsa2024/ros2_lab3/build/sam_bot_description' returned '0': CMAKE_PREFIX_PATH=/opt/ros/humble /usr/bin/cmake /home/trsa2024/ros2_lab3/src/sam_bot_description -DCMAKE_INSTALL_PREFIX=/home/trsa2024/ros2_lab3/install/sam_bot_description
[1.502s] Invoking command in '/home/trsa2024/ros2_lab3/build/sam_bot_description': CMAKE_PREFIX_PATH=/opt/ros/humble /usr/bin/cmake --build /home/trsa2024/ros2_lab3/build/sam_bot_description -- -j4 -l4
[1.545s] Invoked command in '/home/trsa2024/ros2_lab3/build/sam_bot_description' returned '0': CMAKE_PREFIX_PATH=/opt/ros/humble /usr/bin/cmake --build /home/trsa2024/ros2_lab3/build/sam_bot_description -- -j4 -l4
[1.572s] Invoking command in '/home/trsa2024/ros2_lab3/build/sam_bot_description': CMAKE_PREFIX_PATH=/opt/ros/humble /usr/bin/cmake --install /home/trsa2024/ros2_lab3/build/sam_bot_description
[1.579s] -- Install configuration: ""
[1.580s] -- Installing: /home/trsa2024/ros2_lab3/install/sam_bot_description/share/sam_bot_description/src
[1.580s] -- Installing: /home/trsa2024/ros2_lab3/install/sam_bot_description/share/sam_bot_description/src/description
[1.580s] -- Installing: /home/trsa2024/ros2_lab3/install/sam_bot_description/share/sam_bot_description/src/description/sam_bot_description.urdf
[1.580s] -- Installing: /home/trsa2024/ros2_lab3/install/sam_bot_description/share/sam_bot_description/src/object_detection.py
[1.580s] -- Installing: /home/trsa2024/ros2_lab3/install/sam_bot_description/share/sam_bot_description/launch
[1.580s] -- Installing: /home/trsa2024/ros2_lab3/install/sam_bot_description/share/sam_bot_description/launch/__pycache__
[1.580s] -- Installing: /home/trsa2024/ros2_lab3/install/sam_bot_description/share/sam_bot_description/launch/__pycache__/teleop_launch.cpython-310.pyc
[1.580s] -- Installing: /home/trsa2024/ros2_lab3/install/sam_bot_description/share/sam_bot_description/launch/__pycache__/nav2_navigation_launch.cpython-310.pyc
[1.581s] -- Installing: /home/trsa2024/ros2_lab3/install/sam_bot_description/share/sam_bot_description/launch/autonomous_navigation_launch.py
[1.581s] -- Installing: /home/trsa2024/ros2_lab3/install/sam_bot_description/share/sam_bot_description/launch/display.launch.py
[1.581s] -- Installing: /home/trsa2024/ros2_lab3/install/sam_bot_description/share/sam_bot_description/rviz
[1.581s] -- Installing: /home/trsa2024/ros2_lab3/install/sam_bot_description/share/sam_bot_description/rviz/urdf_config.rviz
[1.581s] -- Installing: /home/trsa2024/ros2_lab3/install/sam_bot_description/share/sam_bot_description/config
[1.581s] -- Installing: /home/trsa2024/ros2_lab3/install/sam_bot_description/share/sam_bot_description/config/ekf.yaml
[1.581s] -- Installing: /home/trsa2024/ros2_lab3/install/sam_bot_description/share/sam_bot_description/config/nav2_params copy.yaml
[1.582s] -- Installing: /home/trsa2024/ros2_lab3/install/sam_bot_description/share/sam_bot_description/config/nav2_params.yaml
[1.582s] -- Installing: /home/trsa2024/ros2_lab3/install/sam_bot_description/share/sam_bot_description/world
[1.582s] -- Installing: /home/trsa2024/ros2_lab3/install/sam_bot_description/share/sam_bot_description/world/trsa_two_rooms.world
[1.582s] -- Installing: /home/trsa2024/ros2_lab3/install/sam_bot_description/share/ament_index/resource_index/package_run_dependencies/sam_bot_description
[1.582s] -- Installing: /home/trsa2024/ros2_lab3/install/sam_bot_description/share/ament_index/resource_index/parent_prefix_path/sam_bot_description
[1.583s] -- Installing: /home/trsa2024/ros2_lab3/install/sam_bot_description/share/sam_bot_description/environment/ament_prefix_path.sh
[1.583s] -- Installing: /home/trsa2024/ros2_lab3/install/sam_bot_description/share/sam_bot_description/environment/ament_prefix_path.dsv
[1.583s] -- Installing: /home/trsa2024/ros2_lab3/install/sam_bot_description/share/sam_bot_description/environment/path.sh
[1.583s] -- Installing: /home/trsa2024/ros2_lab3/install/sam_bot_description/share/sam_bot_description/environment/path.dsv
[1.583s] -- Installing: /home/trsa2024/ros2_lab3/install/sam_bot_description/share/sam_bot_description/local_setup.bash
[1.583s] -- Installing: /home/trsa2024/ros2_lab3/install/sam_bot_description/share/sam_bot_description/local_setup.sh
[1.584s] -- Installing: /home/trsa2024/ros2_lab3/install/sam_bot_description/share/sam_bot_description/local_setup.zsh
[1.584s] -- Installing: /home/trsa2024/ros2_lab3/install/sam_bot_description/share/sam_bot_description/local_setup.dsv
[1.584s] -- Installing: /home/trsa2024/ros2_lab3/install/sam_bot_description/share/sam_bot_description/package.dsv
[1.584s] -- Installing: /home/trsa2024/ros2_lab3/install/sam_bot_description/share/ament_index/resource_index/packages/sam_bot_description
[1.585s] -- Installing: /home/trsa2024/ros2_lab3/install/sam_bot_description/share/sam_bot_description/cmake/sam_bot_descriptionConfig.cmake
[1.585s] -- Installing: /home/trsa2024/ros2_lab3/install/sam_bot_description/share/sam_bot_description/cmake/sam_bot_descriptionConfig-version.cmake
[1.585s] -- Installing: /home/trsa2024/ros2_lab3/install/sam_bot_description/share/sam_bot_description/package.xml
[1.587s] Invoked command in '/home/trsa2024/ros2_lab3/build/sam_bot_description' returned '0': CMAKE_PREFIX_PATH=/opt/ros/humble /usr/bin/cmake --install /home/trsa2024/ros2_lab3/build/sam_bot_description
