running egg_info
creating ../../build/goals_and_navigation/goals_and_navigation.egg-info
writing ../../build/goals_and_navigation/goals_and_navigation.egg-info/PKG-INFO
writing dependency_links to ../../build/goals_and_navigation/goals_and_navigation.egg-info/dependency_links.txt
writing entry points to ../../build/goals_and_navigation/goals_and_navigation.egg-info/entry_points.txt
writing requirements to ../../build/goals_and_navigation/goals_and_navigation.egg-info/requires.txt
writing top-level names to ../../build/goals_and_navigation/goals_and_navigation.egg-info/top_level.txt
writing manifest file '../../build/goals_and_navigation/goals_and_navigation.egg-info/SOURCES.txt'
reading manifest file '../../build/goals_and_navigation/goals_and_navigation.egg-info/SOURCES.txt'
writing manifest file '../../build/goals_and_navigation/goals_and_navigation.egg-info/SOURCES.txt'
running build
running build_py
creating /home/trsa2024/ros2_lab3/build/goals_and_navigation/build
creating /home/trsa2024/ros2_lab3/build/goals_and_navigation/build/lib
creating /home/trsa2024/ros2_lab3/build/goals_and_navigation/build/lib/goals_and_navigation
copying goals_and_navigation/__init__.py -> /home/trsa2024/ros2_lab3/build/goals_and_navigation/build/lib/goals_and_navigation
copying goals_and_navigation/cone_detection.py -> /home/trsa2024/ros2_lab3/build/goals_and_navigation/build/lib/goals_and_navigation
running install
/home/trsa2024/.local/lib/python3.10/site-packages/setuptools/_distutils/cmd.py:66: SetuptoolsDeprecationWarning: setup.py install is deprecated.
!!

        ********************************************************************************
        Please avoid running ``setup.py`` directly.
        Instead, use pypa/build, pypa/installer or other
        standards-based tools.

        See https://blog.ganssle.io/articles/2021/10/setup-py-deprecated.html for details.
        ********************************************************************************

!!
  self.initialize_options()
running install_lib
creating /home/trsa2024/ros2_lab3/install/goals_and_navigation/lib/python3.10/site-packages/goals_and_navigation
copying /home/trsa2024/ros2_lab3/build/goals_and_navigation/build/lib/goals_and_navigation/__init__.py -> /home/trsa2024/ros2_lab3/install/goals_and_navigation/lib/python3.10/site-packages/goals_and_navigation
copying /home/trsa2024/ros2_lab3/build/goals_and_navigation/build/lib/goals_and_navigation/cone_detection.py -> /home/trsa2024/ros2_lab3/install/goals_and_navigation/lib/python3.10/site-packages/goals_and_navigation
byte-compiling /home/trsa2024/ros2_lab3/install/goals_and_navigation/lib/python3.10/site-packages/goals_and_navigation/__init__.py to __init__.cpython-310.pyc
byte-compiling /home/trsa2024/ros2_lab3/install/goals_and_navigation/lib/python3.10/site-packages/goals_and_navigation/cone_detection.py to cone_detection.cpython-310.pyc
running install_data
creating /home/trsa2024/ros2_lab3/install/goals_and_navigation/share/ament_index
creating /home/trsa2024/ros2_lab3/install/goals_and_navigation/share/ament_index/resource_index
creating /home/trsa2024/ros2_lab3/install/goals_and_navigation/share/ament_index/resource_index/packages
copying resource/goals_and_navigation -> /home/trsa2024/ros2_lab3/install/goals_and_navigation/share/ament_index/resource_index/packages
copying package.xml -> /home/trsa2024/ros2_lab3/install/goals_and_navigation/share/goals_and_navigation
running install_egg_info
Copying ../../build/goals_and_navigation/goals_and_navigation.egg-info to /home/trsa2024/ros2_lab3/install/goals_and_navigation/lib/python3.10/site-packages/goals_and_navigation-0.0.0-py3.10.egg-info
running install_scripts
Installing detection script to /home/trsa2024/ros2_lab3/install/goals_and_navigation/lib/goals_and_navigation
writing list of installed files to '/home/trsa2024/ros2_lab3/build/goals_and_navigation/install.log'
