[0.294s] Invoking command in '/home/trsa2024/ros2_lab3/build/lab3_pkg': CMAKE_PREFIX_PATH=/opt/ros/humble /usr/bin/cmake --build /home/trsa2024/ros2_lab3/build/lab3_pkg -- -j4 -l4
[0.353s] [100%] Built target nav2_my_detection_plugin
[0.377s] Invoked command in '/home/trsa2024/ros2_lab3/build/lab3_pkg' returned '0': CMAKE_PREFIX_PATH=/opt/ros/humble /usr/bin/cmake --build /home/trsa2024/ros2_lab3/build/lab3_pkg -- -j4 -l4
[0.440s] Invoking command in '/home/trsa2024/ros2_lab3/build/lab3_pkg': CMAKE_PREFIX_PATH=/opt/ros/humble /usr/bin/cmake --install /home/trsa2024/ros2_lab3/build/lab3_pkg
[0.450s] -- Install configuration: ""
[0.451s] -- Up-to-date: /home/trsa2024/ros2_lab3/install/lab3_pkg/lib/libnav2_my_detection_plugin.so
[0.451s] -- Up-to-date: /home/trsa2024/ros2_lab3/install/lab3_pkg/include/
[0.452s] -- Up-to-date: /home/trsa2024/ros2_lab3/install/lab3_pkg/include//lab3_pkg
[0.452s] -- Up-to-date: /home/trsa2024/ros2_lab3/install/lab3_pkg/include//lab3_pkg/DetectCone.hpp
[0.453s] -- Up-to-date: /home/trsa2024/ros2_lab3/install/lab3_pkg/share/lab3_pkg/environment/library_path.sh
[0.454s] -- Up-to-date: /home/trsa2024/ros2_lab3/install/lab3_pkg/share/lab3_pkg/environment/library_path.dsv
[0.458s] -- Up-to-date: /home/trsa2024/ros2_lab3/install/lab3_pkg/share/ament_index/resource_index/package_run_dependencies/lab3_pkg
[0.459s] -- Up-to-date: /home/trsa2024/ros2_lab3/install/lab3_pkg/share/ament_index/resource_index/parent_prefix_path/lab3_pkg
[0.459s] -- Up-to-date: /home/trsa2024/ros2_lab3/install/lab3_pkg/share/lab3_pkg/environment/ament_prefix_path.sh
[0.459s] -- Up-to-date: /home/trsa2024/ros2_lab3/install/lab3_pkg/share/lab3_pkg/environment/ament_prefix_path.dsv
[0.460s] -- Up-to-date: /home/trsa2024/ros2_lab3/install/lab3_pkg/share/lab3_pkg/environment/path.sh
[0.460s] -- Up-to-date: /home/trsa2024/ros2_lab3/install/lab3_pkg/share/lab3_pkg/environment/path.dsv
[0.460s] -- Up-to-date: /home/trsa2024/ros2_lab3/install/lab3_pkg/share/lab3_pkg/local_setup.bash
[0.461s] -- Up-to-date: /home/trsa2024/ros2_lab3/install/lab3_pkg/share/lab3_pkg/local_setup.sh
[0.461s] -- Up-to-date: /home/trsa2024/ros2_lab3/install/lab3_pkg/share/lab3_pkg/local_setup.zsh
[0.462s] -- Up-to-date: /home/trsa2024/ros2_lab3/install/lab3_pkg/share/lab3_pkg/local_setup.dsv
[0.462s] -- Installing: /home/trsa2024/ros2_lab3/install/lab3_pkg/share/lab3_pkg/package.dsv
[0.462s] -- Up-to-date: /home/trsa2024/ros2_lab3/install/lab3_pkg/share/ament_index/resource_index/packages/lab3_pkg
[0.463s] -- Up-to-date: /home/trsa2024/ros2_lab3/install/lab3_pkg/share/lab3_pkg/cmake/ament_cmake_export_include_directories-extras.cmake
[0.463s] -- Up-to-date: /home/trsa2024/ros2_lab3/install/lab3_pkg/share/lab3_pkg/cmake/ament_cmake_export_libraries-extras.cmake
[0.463s] -- Up-to-date: /home/trsa2024/ros2_lab3/install/lab3_pkg/share/lab3_pkg/cmake/lab3_pkgConfig.cmake
[0.464s] -- Up-to-date: /home/trsa2024/ros2_lab3/install/lab3_pkg/share/lab3_pkg/cmake/lab3_pkgConfig-version.cmake
[0.464s] -- Up-to-date: /home/trsa2024/ros2_lab3/install/lab3_pkg/share/lab3_pkg/package.xml
[0.464s] Invoked command in '/home/trsa2024/ros2_lab3/build/lab3_pkg' returned '0': CMAKE_PREFIX_PATH=/opt/ros/humble /usr/bin/cmake --install /home/trsa2024/ros2_lab3/build/lab3_pkg
