[0.857s] DEBUG:colcon:Command line arguments: ['/usr/bin/colcon', 'build']
[0.857s] DEBUG:colcon:Parsed command line arguments: Namespace(log_base=None, log_level=None, verb_name='build', build_base='build', install_base='install', merge_install=False, symlink_install=False, test_result_base=None, continue_on_error=False, executor='parallel', parallel_workers=4, event_handlers=None, ignore_user_meta=False, metas=['./colcon.meta'], base_paths=['.'], packages_ignore=None, packages_ignore_regex=None, paths=None, packages_up_to=None, packages_up_to_regex=None, packages_above=None, packages_above_and_dependencies=None, packages_above_depth=None, packages_select_by_dep=None, packages_skip_by_dep=None, packages_skip_up_to=None, packages_select_build_failed=False, packages_skip_build_finished=False, packages_select_test_failures=False, packages_skip_test_passed=False, packages_select=None, packages_skip=None, packages_select_regex=None, packages_skip_regex=None, packages_start=None, packages_end=None, allow_overriding=[], cmake_args=None, cmake_target=None, cmake_target_skip_unavailable=False, cmake_clean_cache=False, cmake_clean_first=False, cmake_force_configure=False, ament_cmake_args=None, catkin_cmake_args=None, catkin_skip_building_tests=False, verb_parser=<colcon_defaults.argument_parser.defaults.DefaultArgumentsDecorator object at 0x7f017cbe8310>, verb_extension=<colcon_core.verb.build.BuildVerb object at 0x7f017cd9bdc0>, main=<bound method BuildVerb.main of <colcon_core.verb.build.BuildVerb object at 0x7f017cd9bdc0>>)
[0.906s] Level 1:colcon.colcon_core.package_discovery:discover_packages(colcon_meta) check parameters
[0.906s] Level 1:colcon.colcon_core.package_discovery:discover_packages(recursive) check parameters
[0.906s] Level 1:colcon.colcon_core.package_discovery:discover_packages(ignore) check parameters
[0.906s] Level 1:colcon.colcon_core.package_discovery:discover_packages(path) check parameters
[0.906s] Level 1:colcon.colcon_core.package_discovery:discover_packages(colcon_meta) discover
[0.906s] Level 1:colcon.colcon_core.package_discovery:discover_packages(recursive) discover
[0.906s] INFO:colcon.colcon_core.package_discovery:Crawling recursively for packages in '/home/trsa2024/ros2_lab3'
[0.906s] Level 1:colcon.colcon_core.package_identification:_identify(.) by extensions ['ignore', 'ignore_ament_install']
[0.906s] Level 1:colcon.colcon_core.package_identification:_identify(.) by extension 'ignore'
[0.907s] Level 1:colcon.colcon_core.package_identification:_identify(.) by extension 'ignore_ament_install'
[0.907s] Level 1:colcon.colcon_core.package_identification:_identify(.) by extensions ['colcon_pkg']
[0.907s] Level 1:colcon.colcon_core.package_identification:_identify(.) by extension 'colcon_pkg'
[0.907s] Level 1:colcon.colcon_core.package_identification:_identify(.) by extensions ['colcon_meta']
[0.907s] Level 1:colcon.colcon_core.package_identification:_identify(.) by extension 'colcon_meta'
[0.907s] Level 1:colcon.colcon_core.package_identification:_identify(.) by extensions ['ros']
[0.907s] Level 1:colcon.colcon_core.package_identification:_identify(.) by extension 'ros'
[0.918s] Level 1:colcon.colcon_core.package_identification:_identify(.) by extensions ['cmake', 'python']
[0.918s] Level 1:colcon.colcon_core.package_identification:_identify(.) by extension 'cmake'
[0.918s] Level 1:colcon.colcon_core.package_identification:_identify(.) by extension 'python'
[0.918s] Level 1:colcon.colcon_core.package_identification:_identify(.) by extensions ['python_setup_py']
[0.918s] Level 1:colcon.colcon_core.package_identification:_identify(.) by extension 'python_setup_py'
[0.918s] Level 1:colcon.colcon_core.package_identification:_identify(bt) by extensions ['ignore', 'ignore_ament_install']
[0.918s] Level 1:colcon.colcon_core.package_identification:_identify(bt) by extension 'ignore'
[0.918s] Level 1:colcon.colcon_core.package_identification:_identify(bt) by extension 'ignore_ament_install'
[0.919s] Level 1:colcon.colcon_core.package_identification:_identify(bt) by extensions ['colcon_pkg']
[0.919s] Level 1:colcon.colcon_core.package_identification:_identify(bt) by extension 'colcon_pkg'
[0.919s] Level 1:colcon.colcon_core.package_identification:_identify(bt) by extensions ['colcon_meta']
[0.919s] Level 1:colcon.colcon_core.package_identification:_identify(bt) by extension 'colcon_meta'
[0.919s] Level 1:colcon.colcon_core.package_identification:_identify(bt) by extensions ['ros']
[0.919s] Level 1:colcon.colcon_core.package_identification:_identify(bt) by extension 'ros'
[0.919s] Level 1:colcon.colcon_core.package_identification:_identify(bt) by extensions ['cmake', 'python']
[0.919s] Level 1:colcon.colcon_core.package_identification:_identify(bt) by extension 'cmake'
[0.919s] Level 1:colcon.colcon_core.package_identification:_identify(bt) by extension 'python'
[0.919s] Level 1:colcon.colcon_core.package_identification:_identify(bt) by extensions ['python_setup_py']
[0.919s] Level 1:colcon.colcon_core.package_identification:_identify(bt) by extension 'python_setup_py'
[0.919s] Level 1:colcon.colcon_core.package_identification:_identify(build) by extensions ['ignore', 'ignore_ament_install']
[0.919s] Level 1:colcon.colcon_core.package_identification:_identify(build) by extension 'ignore'
[0.919s] Level 1:colcon.colcon_core.package_identification:_identify(build) ignored
[0.919s] Level 1:colcon.colcon_core.package_identification:_identify(install) by extensions ['ignore', 'ignore_ament_install']
[0.919s] Level 1:colcon.colcon_core.package_identification:_identify(install) by extension 'ignore'
[0.919s] Level 1:colcon.colcon_core.package_identification:_identify(install) ignored
[0.919s] Level 1:colcon.colcon_core.package_identification:_identify(log) by extensions ['ignore', 'ignore_ament_install']
[0.920s] Level 1:colcon.colcon_core.package_identification:_identify(log) by extension 'ignore'
[0.920s] Level 1:colcon.colcon_core.package_identification:_identify(log) ignored
[0.920s] Level 1:colcon.colcon_core.package_identification:_identify(map) by extensions ['ignore', 'ignore_ament_install']
[0.920s] Level 1:colcon.colcon_core.package_identification:_identify(map) by extension 'ignore'
[0.920s] Level 1:colcon.colcon_core.package_identification:_identify(map) by extension 'ignore_ament_install'
[0.920s] Level 1:colcon.colcon_core.package_identification:_identify(map) by extensions ['colcon_pkg']
[0.920s] Level 1:colcon.colcon_core.package_identification:_identify(map) by extension 'colcon_pkg'
[0.920s] Level 1:colcon.colcon_core.package_identification:_identify(map) by extensions ['colcon_meta']
[0.920s] Level 1:colcon.colcon_core.package_identification:_identify(map) by extension 'colcon_meta'
[0.920s] Level 1:colcon.colcon_core.package_identification:_identify(map) by extensions ['ros']
[0.920s] Level 1:colcon.colcon_core.package_identification:_identify(map) by extension 'ros'
[0.920s] Level 1:colcon.colcon_core.package_identification:_identify(map) by extensions ['cmake', 'python']
[0.920s] Level 1:colcon.colcon_core.package_identification:_identify(map) by extension 'cmake'
[0.920s] Level 1:colcon.colcon_core.package_identification:_identify(map) by extension 'python'
[0.920s] Level 1:colcon.colcon_core.package_identification:_identify(map) by extensions ['python_setup_py']
[0.920s] Level 1:colcon.colcon_core.package_identification:_identify(map) by extension 'python_setup_py'
[0.920s] Level 1:colcon.colcon_core.package_identification:_identify(src) by extensions ['ignore', 'ignore_ament_install']
[0.921s] Level 1:colcon.colcon_core.package_identification:_identify(src) by extension 'ignore'
[0.921s] Level 1:colcon.colcon_core.package_identification:_identify(src) by extension 'ignore_ament_install'
[0.921s] Level 1:colcon.colcon_core.package_identification:_identify(src) by extensions ['colcon_pkg']
[0.921s] Level 1:colcon.colcon_core.package_identification:_identify(src) by extension 'colcon_pkg'
[0.921s] Level 1:colcon.colcon_core.package_identification:_identify(src) by extensions ['colcon_meta']
[0.921s] Level 1:colcon.colcon_core.package_identification:_identify(src) by extension 'colcon_meta'
[0.921s] Level 1:colcon.colcon_core.package_identification:_identify(src) by extensions ['ros']
[0.921s] Level 1:colcon.colcon_core.package_identification:_identify(src) by extension 'ros'
[0.921s] Level 1:colcon.colcon_core.package_identification:_identify(src) by extensions ['cmake', 'python']
[0.921s] Level 1:colcon.colcon_core.package_identification:_identify(src) by extension 'cmake'
[0.921s] Level 1:colcon.colcon_core.package_identification:_identify(src) by extension 'python'
[0.921s] Level 1:colcon.colcon_core.package_identification:_identify(src) by extensions ['python_setup_py']
[0.921s] Level 1:colcon.colcon_core.package_identification:_identify(src) by extension 'python_setup_py'
[0.921s] Level 1:colcon.colcon_core.package_identification:_identify(src/goals_and_navigation) by extensions ['ignore', 'ignore_ament_install']
[0.921s] Level 1:colcon.colcon_core.package_identification:_identify(src/goals_and_navigation) by extension 'ignore'
[0.921s] Level 1:colcon.colcon_core.package_identification:_identify(src/goals_and_navigation) by extension 'ignore_ament_install'
[0.921s] Level 1:colcon.colcon_core.package_identification:_identify(src/goals_and_navigation) by extensions ['colcon_pkg']
[0.921s] Level 1:colcon.colcon_core.package_identification:_identify(src/goals_and_navigation) by extension 'colcon_pkg'
[0.921s] Level 1:colcon.colcon_core.package_identification:_identify(src/goals_and_navigation) by extensions ['colcon_meta']
[0.921s] Level 1:colcon.colcon_core.package_identification:_identify(src/goals_and_navigation) by extension 'colcon_meta'
[0.921s] Level 1:colcon.colcon_core.package_identification:_identify(src/goals_and_navigation) by extensions ['ros']
[0.921s] Level 1:colcon.colcon_core.package_identification:_identify(src/goals_and_navigation) by extension 'ros'
[0.924s] DEBUG:colcon.colcon_core.package_identification:Package 'src/goals_and_navigation' with type 'ros.ament_python' and name 'goals_and_navigation'
[0.924s] Level 1:colcon.colcon_core.package_identification:_identify(src/lab3_pkg) by extensions ['ignore', 'ignore_ament_install']
[0.924s] Level 1:colcon.colcon_core.package_identification:_identify(src/lab3_pkg) by extension 'ignore'
[0.924s] Level 1:colcon.colcon_core.package_identification:_identify(src/lab3_pkg) by extension 'ignore_ament_install'
[0.924s] Level 1:colcon.colcon_core.package_identification:_identify(src/lab3_pkg) by extensions ['colcon_pkg']
[0.924s] Level 1:colcon.colcon_core.package_identification:_identify(src/lab3_pkg) by extension 'colcon_pkg'
[0.924s] Level 1:colcon.colcon_core.package_identification:_identify(src/lab3_pkg) by extensions ['colcon_meta']
[0.924s] Level 1:colcon.colcon_core.package_identification:_identify(src/lab3_pkg) by extension 'colcon_meta'
[0.924s] Level 1:colcon.colcon_core.package_identification:_identify(src/lab3_pkg) by extensions ['ros']
[0.924s] Level 1:colcon.colcon_core.package_identification:_identify(src/lab3_pkg) by extension 'ros'
[0.925s] DEBUG:colcon.colcon_core.package_identification:Package 'src/lab3_pkg' with type 'ros.ament_cmake' and name 'lab3_pkg'
[0.925s] Level 1:colcon.colcon_core.package_identification:_identify(src/sam_bot_description) by extensions ['ignore', 'ignore_ament_install']
[0.925s] Level 1:colcon.colcon_core.package_identification:_identify(src/sam_bot_description) by extension 'ignore'
[0.925s] Level 1:colcon.colcon_core.package_identification:_identify(src/sam_bot_description) by extension 'ignore_ament_install'
[0.925s] Level 1:colcon.colcon_core.package_identification:_identify(src/sam_bot_description) by extensions ['colcon_pkg']
[0.925s] Level 1:colcon.colcon_core.package_identification:_identify(src/sam_bot_description) by extension 'colcon_pkg'
[0.925s] Level 1:colcon.colcon_core.package_identification:_identify(src/sam_bot_description) by extensions ['colcon_meta']
[0.925s] Level 1:colcon.colcon_core.package_identification:_identify(src/sam_bot_description) by extension 'colcon_meta'
[0.925s] Level 1:colcon.colcon_core.package_identification:_identify(src/sam_bot_description) by extensions ['ros']
[0.925s] Level 1:colcon.colcon_core.package_identification:_identify(src/sam_bot_description) by extension 'ros'
[0.926s] DEBUG:colcon.colcon_core.package_identification:Package 'src/sam_bot_description' with type 'ros.ament_cmake' and name 'sam_bot_description'
[0.926s] Level 1:colcon.colcon_core.package_discovery:discover_packages(recursive) using defaults
[0.926s] Level 1:colcon.colcon_core.package_discovery:discover_packages(ignore) discover
[0.926s] Level 1:colcon.colcon_core.package_discovery:discover_packages(ignore) using defaults
[0.926s] Level 1:colcon.colcon_core.package_discovery:discover_packages(path) discover
[0.926s] Level 1:colcon.colcon_core.package_discovery:discover_packages(path) using defaults
[1.005s] Level 1:colcon.colcon_core.package_discovery:discover_packages(prefix_path) check parameters
[1.005s] Level 1:colcon.colcon_core.package_discovery:discover_packages(prefix_path) discover
[1.032s] DEBUG:colcon.colcon_installed_package_information.package_discovery:Found 400 installed packages in /opt/ros/humble
[1.033s] Level 1:colcon.colcon_core.package_discovery:discover_packages(prefix_path) using defaults
[1.109s] Level 5:colcon.colcon_core.verb:set package 'goals_and_navigation' build argument 'cmake_args' from command line to 'None'
[1.109s] Level 5:colcon.colcon_core.verb:set package 'goals_and_navigation' build argument 'cmake_target' from command line to 'None'
[1.109s] Level 5:colcon.colcon_core.verb:set package 'goals_and_navigation' build argument 'cmake_target_skip_unavailable' from command line to 'False'
[1.109s] Level 5:colcon.colcon_core.verb:set package 'goals_and_navigation' build argument 'cmake_clean_cache' from command line to 'False'
[1.109s] Level 5:colcon.colcon_core.verb:set package 'goals_and_navigation' build argument 'cmake_clean_first' from command line to 'False'
[1.110s] Level 5:colcon.colcon_core.verb:set package 'goals_and_navigation' build argument 'cmake_force_configure' from command line to 'False'
[1.110s] Level 5:colcon.colcon_core.verb:set package 'goals_and_navigation' build argument 'ament_cmake_args' from command line to 'None'
[1.110s] Level 5:colcon.colcon_core.verb:set package 'goals_and_navigation' build argument 'catkin_cmake_args' from command line to 'None'
[1.110s] Level 5:colcon.colcon_core.verb:set package 'goals_and_navigation' build argument 'catkin_skip_building_tests' from command line to 'False'
[1.110s] DEBUG:colcon.colcon_core.verb:Building package 'goals_and_navigation' with the following arguments: {'ament_cmake_args': None, 'build_base': '/home/trsa2024/ros2_lab3/build/goals_and_navigation', 'catkin_cmake_args': None, 'catkin_skip_building_tests': False, 'cmake_args': None, 'cmake_clean_cache': False, 'cmake_clean_first': False, 'cmake_force_configure': False, 'cmake_target': None, 'cmake_target_skip_unavailable': False, 'install_base': '/home/trsa2024/ros2_lab3/install/goals_and_navigation', 'merge_install': False, 'path': '/home/trsa2024/ros2_lab3/src/goals_and_navigation', 'symlink_install': False, 'test_result_base': None}
[1.122s] Level 5:colcon.colcon_core.verb:set package 'lab3_pkg' build argument 'cmake_args' from command line to 'None'
[1.122s] Level 5:colcon.colcon_core.verb:set package 'lab3_pkg' build argument 'cmake_target' from command line to 'None'
[1.122s] Level 5:colcon.colcon_core.verb:set package 'lab3_pkg' build argument 'cmake_target_skip_unavailable' from command line to 'False'
[1.122s] Level 5:colcon.colcon_core.verb:set package 'lab3_pkg' build argument 'cmake_clean_cache' from command line to 'False'
[1.122s] Level 5:colcon.colcon_core.verb:set package 'lab3_pkg' build argument 'cmake_clean_first' from command line to 'False'
[1.122s] Level 5:colcon.colcon_core.verb:set package 'lab3_pkg' build argument 'cmake_force_configure' from command line to 'False'
[1.123s] Level 5:colcon.colcon_core.verb:set package 'lab3_pkg' build argument 'ament_cmake_args' from command line to 'None'
[1.123s] Level 5:colcon.colcon_core.verb:set package 'lab3_pkg' build argument 'catkin_cmake_args' from command line to 'None'
[1.123s] Level 5:colcon.colcon_core.verb:set package 'lab3_pkg' build argument 'catkin_skip_building_tests' from command line to 'False'
[1.123s] DEBUG:colcon.colcon_core.verb:Building package 'lab3_pkg' with the following arguments: {'ament_cmake_args': None, 'build_base': '/home/trsa2024/ros2_lab3/build/lab3_pkg', 'catkin_cmake_args': None, 'catkin_skip_building_tests': False, 'cmake_args': None, 'cmake_clean_cache': False, 'cmake_clean_first': False, 'cmake_force_configure': False, 'cmake_target': None, 'cmake_target_skip_unavailable': False, 'install_base': '/home/trsa2024/ros2_lab3/install/lab3_pkg', 'merge_install': False, 'path': '/home/trsa2024/ros2_lab3/src/lab3_pkg', 'symlink_install': False, 'test_result_base': None}
[1.135s] Level 5:colcon.colcon_core.verb:set package 'sam_bot_description' build argument 'cmake_args' from command line to 'None'
[1.136s] Level 5:colcon.colcon_core.verb:set package 'sam_bot_description' build argument 'cmake_target' from command line to 'None'
[1.136s] Level 5:colcon.colcon_core.verb:set package 'sam_bot_description' build argument 'cmake_target_skip_unavailable' from command line to 'False'
[1.136s] Level 5:colcon.colcon_core.verb:set package 'sam_bot_description' build argument 'cmake_clean_cache' from command line to 'False'
[1.136s] Level 5:colcon.colcon_core.verb:set package 'sam_bot_description' build argument 'cmake_clean_first' from command line to 'False'
[1.136s] Level 5:colcon.colcon_core.verb:set package 'sam_bot_description' build argument 'cmake_force_configure' from command line to 'False'
[1.136s] Level 5:colcon.colcon_core.verb:set package 'sam_bot_description' build argument 'ament_cmake_args' from command line to 'None'
[1.136s] Level 5:colcon.colcon_core.verb:set package 'sam_bot_description' build argument 'catkin_cmake_args' from command line to 'None'
[1.136s] Level 5:colcon.colcon_core.verb:set package 'sam_bot_description' build argument 'catkin_skip_building_tests' from command line to 'False'
[1.136s] DEBUG:colcon.colcon_core.verb:Building package 'sam_bot_description' with the following arguments: {'ament_cmake_args': None, 'build_base': '/home/trsa2024/ros2_lab3/build/sam_bot_description', 'catkin_cmake_args': None, 'catkin_skip_building_tests': False, 'cmake_args': None, 'cmake_clean_cache': False, 'cmake_clean_first': False, 'cmake_force_configure': False, 'cmake_target': None, 'cmake_target_skip_unavailable': False, 'install_base': '/home/trsa2024/ros2_lab3/install/sam_bot_description', 'merge_install': False, 'path': '/home/trsa2024/ros2_lab3/src/sam_bot_description', 'symlink_install': False, 'test_result_base': None}
[1.150s] INFO:colcon.colcon_core.executor:Executing jobs using 'parallel' executor
[1.163s] DEBUG:colcon.colcon_parallel_executor.executor.parallel:run_until_complete
[1.164s] INFO:colcon.colcon_ros.task.ament_python.build:Building ROS package in '/home/trsa2024/ros2_lab3/src/goals_and_navigation' with build type 'ament_python'
[1.164s] Level 1:colcon.colcon_core.shell:create_environment_hook('goals_and_navigation', 'ament_prefix_path')
[1.190s] INFO:colcon.colcon_core.plugin_system:Skipping extension 'colcon_core.shell.bat': Not used on non-Windows systems
[1.191s] INFO:colcon.colcon_core.shell:Creating environment hook '/home/trsa2024/ros2_lab3/install/goals_and_navigation/share/goals_and_navigation/hook/ament_prefix_path.ps1'
[1.191s] INFO:colcon.colcon_core.shell:Creating environment descriptor '/home/trsa2024/ros2_lab3/install/goals_and_navigation/share/goals_and_navigation/hook/ament_prefix_path.dsv'
[1.192s] INFO:colcon.colcon_core.shell:Creating environment hook '/home/trsa2024/ros2_lab3/install/goals_and_navigation/share/goals_and_navigation/hook/ament_prefix_path.sh'
[1.205s] INFO:colcon.colcon_core.shell:Skip shell extension 'powershell' for command environment: Not usable outside of PowerShell
[1.205s] DEBUG:colcon.colcon_core.shell:Skip shell extension 'dsv' for command environment
[1.233s] INFO:colcon.colcon_ros.task.ament_cmake.build:Building ROS package in '/home/trsa2024/ros2_lab3/src/lab3_pkg' with build type 'ament_cmake'
[1.234s] INFO:colcon.colcon_cmake.task.cmake.build:Building CMake package in '/home/trsa2024/ros2_lab3/src/lab3_pkg'
[1.246s] INFO:colcon.colcon_core.shell:Skip shell extension 'powershell' for command environment: Not usable outside of PowerShell
[1.246s] DEBUG:colcon.colcon_core.shell:Skip shell extension 'dsv' for command environment
[1.274s] INFO:colcon.colcon_ros.task.ament_cmake.build:Building ROS package in '/home/trsa2024/ros2_lab3/src/sam_bot_description' with build type 'ament_cmake'
[1.275s] INFO:colcon.colcon_cmake.task.cmake.build:Building CMake package in '/home/trsa2024/ros2_lab3/src/sam_bot_description'
[1.288s] INFO:colcon.colcon_core.shell:Skip shell extension 'powershell' for command environment: Not usable outside of PowerShell
[1.289s] DEBUG:colcon.colcon_core.shell:Skip shell extension 'dsv' for command environment
[1.478s] INFO:colcon.colcon_core.task.python.build:Building Python package in '/home/trsa2024/ros2_lab3/src/goals_and_navigation'
[1.491s] INFO:colcon.colcon_core.shell:Skip shell extension 'powershell' for command environment: Not usable outside of PowerShell
[1.491s] DEBUG:colcon.colcon_core.shell:Skip shell extension 'dsv' for command environment
[1.525s] DEBUG:colcon.colcon_core.event_handler.log_command:Invoking command in '/home/trsa2024/ros2_lab3/build/lab3_pkg': CMAKE_PREFIX_PATH=/opt/ros/humble /usr/bin/cmake --build /home/trsa2024/ros2_lab3/build/lab3_pkg -- -j4 -l4
[1.531s] DEBUG:colcon.colcon_core.event_handler.log_command:Invoking command in '/home/trsa2024/ros2_lab3/build/sam_bot_description': CMAKE_PREFIX_PATH=/opt/ros/humble /usr/bin/cmake --build /home/trsa2024/ros2_lab3/build/sam_bot_description -- -j4 -l4
[1.577s] DEBUG:colcon.colcon_core.event_handler.log_command:Invoked command in '/home/trsa2024/ros2_lab3/build/sam_bot_description' returned '0': CMAKE_PREFIX_PATH=/opt/ros/humble /usr/bin/cmake --build /home/trsa2024/ros2_lab3/build/sam_bot_description -- -j4 -l4
[1.601s] DEBUG:colcon.colcon_core.event_handler.log_command:Invoked command in '/home/trsa2024/ros2_lab3/build/lab3_pkg' returned '0': CMAKE_PREFIX_PATH=/opt/ros/humble /usr/bin/cmake --build /home/trsa2024/ros2_lab3/build/lab3_pkg -- -j4 -l4
[1.615s] DEBUG:colcon.colcon_core.event_handler.log_command:Invoking command in '/home/trsa2024/ros2_lab3/build/sam_bot_description': CMAKE_PREFIX_PATH=/opt/ros/humble /usr/bin/cmake --install /home/trsa2024/ros2_lab3/build/sam_bot_description
[1.627s] Level 1:colcon.colcon_core.environment:create_environment_scripts_only(sam_bot_description)
[1.642s] Level 1:colcon.colcon_core.environment:checking '/home/trsa2024/ros2_lab3/install/sam_bot_description' for CMake module files
[1.643s] Level 1:colcon.colcon_core.environment:checking '/home/trsa2024/ros2_lab3/install/sam_bot_description' for CMake config files
[1.643s] Level 1:colcon.colcon_core.shell:create_environment_hook('sam_bot_description', 'cmake_prefix_path')
[1.644s] DEBUG:colcon.colcon_core.event_handler.log_command:Invoked command in '/home/trsa2024/ros2_lab3/build/sam_bot_description' returned '0': CMAKE_PREFIX_PATH=/opt/ros/humble /usr/bin/cmake --install /home/trsa2024/ros2_lab3/build/sam_bot_description
[1.657s] INFO:colcon.colcon_core.shell:Creating environment hook '/home/trsa2024/ros2_lab3/install/sam_bot_description/share/sam_bot_description/hook/cmake_prefix_path.ps1'
[1.657s] INFO:colcon.colcon_core.shell:Creating environment descriptor '/home/trsa2024/ros2_lab3/install/sam_bot_description/share/sam_bot_description/hook/cmake_prefix_path.dsv'
[1.658s] INFO:colcon.colcon_core.shell:Creating environment hook '/home/trsa2024/ros2_lab3/install/sam_bot_description/share/sam_bot_description/hook/cmake_prefix_path.sh'
[1.658s] Level 1:colcon.colcon_core.environment:checking '/home/trsa2024/ros2_lab3/install/sam_bot_description/bin'
[1.659s] Level 1:colcon.colcon_core.environment:checking '/home/trsa2024/ros2_lab3/install/sam_bot_description/lib/pkgconfig/sam_bot_description.pc'
[1.659s] Level 1:colcon.colcon_core.environment:checking '/home/trsa2024/ros2_lab3/install/sam_bot_description/lib/python3.10/site-packages'
[1.659s] Level 1:colcon.colcon_core.environment:checking '/home/trsa2024/ros2_lab3/install/sam_bot_description/bin'
[1.673s] INFO:colcon.colcon_core.shell:Creating package script '/home/trsa2024/ros2_lab3/install/sam_bot_description/share/sam_bot_description/package.ps1'
[1.674s] INFO:colcon.colcon_core.shell:Creating package descriptor '/home/trsa2024/ros2_lab3/install/sam_bot_description/share/sam_bot_description/package.dsv'
[1.675s] INFO:colcon.colcon_core.shell:Creating package script '/home/trsa2024/ros2_lab3/install/sam_bot_description/share/sam_bot_description/package.sh'
[1.676s] INFO:colcon.colcon_core.shell:Creating package script '/home/trsa2024/ros2_lab3/install/sam_bot_description/share/sam_bot_description/package.bash'
[1.676s] INFO:colcon.colcon_core.shell:Creating package script '/home/trsa2024/ros2_lab3/install/sam_bot_description/share/sam_bot_description/package.zsh'
[1.677s] Level 1:colcon.colcon_core.environment:create_file_with_runtime_dependencies(/home/trsa2024/ros2_lab3/install/sam_bot_description/share/colcon-core/packages/sam_bot_description)
[1.679s] DEBUG:colcon.colcon_core.event_handler.log_command:Invoking command in '/home/trsa2024/ros2_lab3/build/lab3_pkg': CMAKE_PREFIX_PATH=/opt/ros/humble /usr/bin/cmake --install /home/trsa2024/ros2_lab3/build/lab3_pkg
[1.691s] Level 1:colcon.colcon_core.environment:create_environment_scripts_only(lab3_pkg)
[1.697s] DEBUG:colcon.colcon_core.event_handler.log_command:Invoked command in '/home/trsa2024/ros2_lab3/build/lab3_pkg' returned '0': CMAKE_PREFIX_PATH=/opt/ros/humble /usr/bin/cmake --install /home/trsa2024/ros2_lab3/build/lab3_pkg
[1.712s] Level 1:colcon.colcon_core.environment:checking '/home/trsa2024/ros2_lab3/install/lab3_pkg' for CMake module files
[1.713s] Level 1:colcon.colcon_core.environment:checking '/home/trsa2024/ros2_lab3/install/lab3_pkg' for CMake config files
[1.713s] Level 1:colcon.colcon_core.shell:create_environment_hook('lab3_pkg', 'cmake_prefix_path')
[1.726s] INFO:colcon.colcon_core.shell:Creating environment hook '/home/trsa2024/ros2_lab3/install/lab3_pkg/share/lab3_pkg/hook/cmake_prefix_path.ps1'
[1.727s] INFO:colcon.colcon_core.shell:Creating environment descriptor '/home/trsa2024/ros2_lab3/install/lab3_pkg/share/lab3_pkg/hook/cmake_prefix_path.dsv'
[1.727s] INFO:colcon.colcon_core.shell:Creating environment hook '/home/trsa2024/ros2_lab3/install/lab3_pkg/share/lab3_pkg/hook/cmake_prefix_path.sh'
[1.728s] Level 1:colcon.colcon_core.environment:checking '/home/trsa2024/ros2_lab3/install/lab3_pkg/lib'
[1.728s] Level 1:colcon.colcon_core.shell:create_environment_hook('lab3_pkg', 'ld_library_path_lib')
[1.741s] INFO:colcon.colcon_core.shell:Creating environment hook '/home/trsa2024/ros2_lab3/install/lab3_pkg/share/lab3_pkg/hook/ld_library_path_lib.ps1'
[1.742s] INFO:colcon.colcon_core.shell:Creating environment descriptor '/home/trsa2024/ros2_lab3/install/lab3_pkg/share/lab3_pkg/hook/ld_library_path_lib.dsv'
[1.742s] INFO:colcon.colcon_core.shell:Creating environment hook '/home/trsa2024/ros2_lab3/install/lab3_pkg/share/lab3_pkg/hook/ld_library_path_lib.sh'
[1.742s] Level 1:colcon.colcon_core.environment:checking '/home/trsa2024/ros2_lab3/install/lab3_pkg/bin'
[1.743s] Level 1:colcon.colcon_core.environment:checking '/home/trsa2024/ros2_lab3/install/lab3_pkg/lib/pkgconfig/lab3_pkg.pc'
[1.743s] Level 1:colcon.colcon_core.environment:checking '/home/trsa2024/ros2_lab3/install/lab3_pkg/lib/python3.10/site-packages'
[1.743s] Level 1:colcon.colcon_core.environment:checking '/home/trsa2024/ros2_lab3/install/lab3_pkg/bin'
[1.756s] INFO:colcon.colcon_core.shell:Creating package script '/home/trsa2024/ros2_lab3/install/lab3_pkg/share/lab3_pkg/package.ps1'
[1.757s] INFO:colcon.colcon_core.shell:Creating package descriptor '/home/trsa2024/ros2_lab3/install/lab3_pkg/share/lab3_pkg/package.dsv'
[1.758s] INFO:colcon.colcon_core.shell:Creating package script '/home/trsa2024/ros2_lab3/install/lab3_pkg/share/lab3_pkg/package.sh'
[1.758s] INFO:colcon.colcon_core.shell:Creating package script '/home/trsa2024/ros2_lab3/install/lab3_pkg/share/lab3_pkg/package.bash'
[1.759s] INFO:colcon.colcon_core.shell:Creating package script '/home/trsa2024/ros2_lab3/install/lab3_pkg/share/lab3_pkg/package.zsh'
[1.759s] Level 1:colcon.colcon_core.environment:create_file_with_runtime_dependencies(/home/trsa2024/ros2_lab3/install/lab3_pkg/share/colcon-core/packages/lab3_pkg)
[1.774s] Level 1:colcon.colcon_core.environment:create_environment_scripts_only(sam_bot_description)
[1.787s] Level 1:colcon.colcon_core.environment:checking '/home/trsa2024/ros2_lab3/install/sam_bot_description' for CMake module files
[1.788s] Level 1:colcon.colcon_core.environment:checking '/home/trsa2024/ros2_lab3/install/sam_bot_description' for CMake config files
[1.788s] Level 1:colcon.colcon_core.shell:create_environment_hook('sam_bot_description', 'cmake_prefix_path')
[1.801s] INFO:colcon.colcon_core.shell:Creating environment hook '/home/trsa2024/ros2_lab3/install/sam_bot_description/share/sam_bot_description/hook/cmake_prefix_path.ps1'
[1.802s] INFO:colcon.colcon_core.shell:Creating environment descriptor '/home/trsa2024/ros2_lab3/install/sam_bot_description/share/sam_bot_description/hook/cmake_prefix_path.dsv'
[1.802s] INFO:colcon.colcon_core.shell:Creating environment hook '/home/trsa2024/ros2_lab3/install/sam_bot_description/share/sam_bot_description/hook/cmake_prefix_path.sh'
[1.803s] Level 1:colcon.colcon_core.environment:checking '/home/trsa2024/ros2_lab3/install/sam_bot_description/bin'
[1.803s] Level 1:colcon.colcon_core.environment:checking '/home/trsa2024/ros2_lab3/install/sam_bot_description/lib/pkgconfig/sam_bot_description.pc'
[1.803s] Level 1:colcon.colcon_core.environment:checking '/home/trsa2024/ros2_lab3/install/sam_bot_description/lib/python3.10/site-packages'
[1.803s] Level 1:colcon.colcon_core.environment:checking '/home/trsa2024/ros2_lab3/install/sam_bot_description/bin'
[1.816s] INFO:colcon.colcon_core.shell:Creating package script '/home/trsa2024/ros2_lab3/install/sam_bot_description/share/sam_bot_description/package.ps1'
[1.816s] INFO:colcon.colcon_core.shell:Creating package descriptor '/home/trsa2024/ros2_lab3/install/sam_bot_description/share/sam_bot_description/package.dsv'
[1.817s] INFO:colcon.colcon_core.shell:Creating package script '/home/trsa2024/ros2_lab3/install/sam_bot_description/share/sam_bot_description/package.sh'
[1.817s] INFO:colcon.colcon_core.shell:Creating package script '/home/trsa2024/ros2_lab3/install/sam_bot_description/share/sam_bot_description/package.bash'
[1.818s] INFO:colcon.colcon_core.shell:Creating package script '/home/trsa2024/ros2_lab3/install/sam_bot_description/share/sam_bot_description/package.zsh'
[1.818s] Level 1:colcon.colcon_core.environment:create_file_with_runtime_dependencies(/home/trsa2024/ros2_lab3/install/sam_bot_description/share/colcon-core/packages/sam_bot_description)
[1.833s] Level 1:colcon.colcon_core.environment:create_environment_scripts_only(lab3_pkg)
[1.845s] Level 1:colcon.colcon_core.environment:checking '/home/trsa2024/ros2_lab3/install/lab3_pkg' for CMake module files
[1.846s] Level 1:colcon.colcon_core.environment:checking '/home/trsa2024/ros2_lab3/install/lab3_pkg' for CMake config files
[1.846s] Level 1:colcon.colcon_core.shell:create_environment_hook('lab3_pkg', 'cmake_prefix_path')
[1.858s] INFO:colcon.colcon_core.shell:Creating environment hook '/home/trsa2024/ros2_lab3/install/lab3_pkg/share/lab3_pkg/hook/cmake_prefix_path.ps1'
[1.859s] INFO:colcon.colcon_core.shell:Creating environment descriptor '/home/trsa2024/ros2_lab3/install/lab3_pkg/share/lab3_pkg/hook/cmake_prefix_path.dsv'
[1.859s] INFO:colcon.colcon_core.shell:Creating environment hook '/home/trsa2024/ros2_lab3/install/lab3_pkg/share/lab3_pkg/hook/cmake_prefix_path.sh'
[1.860s] Level 1:colcon.colcon_core.environment:checking '/home/trsa2024/ros2_lab3/install/lab3_pkg/lib'
[1.860s] Level 1:colcon.colcon_core.shell:create_environment_hook('lab3_pkg', 'ld_library_path_lib')
[1.874s] INFO:colcon.colcon_core.shell:Creating environment hook '/home/trsa2024/ros2_lab3/install/lab3_pkg/share/lab3_pkg/hook/ld_library_path_lib.ps1'
[1.875s] INFO:colcon.colcon_core.shell:Creating environment descriptor '/home/trsa2024/ros2_lab3/install/lab3_pkg/share/lab3_pkg/hook/ld_library_path_lib.dsv'
[1.875s] INFO:colcon.colcon_core.shell:Creating environment hook '/home/trsa2024/ros2_lab3/install/lab3_pkg/share/lab3_pkg/hook/ld_library_path_lib.sh'
[1.876s] Level 1:colcon.colcon_core.environment:checking '/home/trsa2024/ros2_lab3/install/lab3_pkg/bin'
[1.876s] Level 1:colcon.colcon_core.environment:checking '/home/trsa2024/ros2_lab3/install/lab3_pkg/lib/pkgconfig/lab3_pkg.pc'
[1.876s] Level 1:colcon.colcon_core.environment:checking '/home/trsa2024/ros2_lab3/install/lab3_pkg/lib/python3.10/site-packages'
[1.876s] Level 1:colcon.colcon_core.environment:checking '/home/trsa2024/ros2_lab3/install/lab3_pkg/bin'
[1.889s] INFO:colcon.colcon_core.shell:Creating package script '/home/trsa2024/ros2_lab3/install/lab3_pkg/share/lab3_pkg/package.ps1'
[1.890s] INFO:colcon.colcon_core.shell:Creating package descriptor '/home/trsa2024/ros2_lab3/install/lab3_pkg/share/lab3_pkg/package.dsv'
[1.890s] INFO:colcon.colcon_core.shell:Creating package script '/home/trsa2024/ros2_lab3/install/lab3_pkg/share/lab3_pkg/package.sh'
[1.891s] INFO:colcon.colcon_core.shell:Creating package script '/home/trsa2024/ros2_lab3/install/lab3_pkg/share/lab3_pkg/package.bash'
[1.891s] INFO:colcon.colcon_core.shell:Creating package script '/home/trsa2024/ros2_lab3/install/lab3_pkg/share/lab3_pkg/package.zsh'
[1.891s] Level 1:colcon.colcon_core.environment:create_file_with_runtime_dependencies(/home/trsa2024/ros2_lab3/install/lab3_pkg/share/colcon-core/packages/lab3_pkg)
[2.029s] DEBUG:colcon.colcon_core.event_handler.log_command:Invoking command in '/home/trsa2024/ros2_lab3/src/goals_and_navigation': PYTHONPATH=/home/trsa2024/ros2_lab3/build/goals_and_navigation/prefix_override:/home/trsa2024/ros2_lab3/install/goals_and_navigation/lib/python3.10/site-packages:${PYTHONPATH} /usr/bin/python3 setup.py egg_info --egg-base ../../build/goals_and_navigation build --build-base /home/trsa2024/ros2_lab3/build/goals_and_navigation/build install --record /home/trsa2024/ros2_lab3/build/goals_and_navigation/install.log --single-version-externally-managed
[2.456s] DEBUG:colcon.colcon_core.event_handler.log_command:Invoked command in '/home/trsa2024/ros2_lab3/src/goals_and_navigation' returned '0': PYTHONPATH=/home/trsa2024/ros2_lab3/build/goals_and_navigation/prefix_override:/home/trsa2024/ros2_lab3/install/goals_and_navigation/lib/python3.10/site-packages:${PYTHONPATH} /usr/bin/python3 setup.py egg_info --egg-base ../../build/goals_and_navigation build --build-base /home/trsa2024/ros2_lab3/build/goals_and_navigation/build install --record /home/trsa2024/ros2_lab3/build/goals_and_navigation/install.log --single-version-externally-managed
[2.470s] Level 1:colcon.colcon_core.environment:checking '/home/trsa2024/ros2_lab3/install/goals_and_navigation' for CMake module files
[2.471s] Level 1:colcon.colcon_core.environment:checking '/home/trsa2024/ros2_lab3/install/goals_and_navigation' for CMake config files
[2.471s] Level 1:colcon.colcon_core.environment:checking '/home/trsa2024/ros2_lab3/install/goals_and_navigation/lib'
[2.471s] Level 1:colcon.colcon_core.environment:checking '/home/trsa2024/ros2_lab3/install/goals_and_navigation/bin'
[2.472s] Level 1:colcon.colcon_core.environment:checking '/home/trsa2024/ros2_lab3/install/goals_and_navigation/lib/pkgconfig/goals_and_navigation.pc'
[2.472s] Level 1:colcon.colcon_core.environment:checking '/home/trsa2024/ros2_lab3/install/goals_and_navigation/lib/python3.10/site-packages'
[2.472s] Level 1:colcon.colcon_core.shell:create_environment_hook('goals_and_navigation', 'pythonpath')
[2.486s] INFO:colcon.colcon_core.shell:Creating environment hook '/home/trsa2024/ros2_lab3/install/goals_and_navigation/share/goals_and_navigation/hook/pythonpath.ps1'
[2.487s] INFO:colcon.colcon_core.shell:Creating environment descriptor '/home/trsa2024/ros2_lab3/install/goals_and_navigation/share/goals_and_navigation/hook/pythonpath.dsv'
[2.487s] INFO:colcon.colcon_core.shell:Creating environment hook '/home/trsa2024/ros2_lab3/install/goals_and_navigation/share/goals_and_navigation/hook/pythonpath.sh'
[2.488s] Level 1:colcon.colcon_core.environment:checking '/home/trsa2024/ros2_lab3/install/goals_and_navigation/bin'
[2.488s] Level 1:colcon.colcon_core.environment:create_environment_scripts_only(goals_and_navigation)
[2.500s] INFO:colcon.colcon_core.shell:Creating package script '/home/trsa2024/ros2_lab3/install/goals_and_navigation/share/goals_and_navigation/package.ps1'
[2.501s] INFO:colcon.colcon_core.shell:Creating package descriptor '/home/trsa2024/ros2_lab3/install/goals_and_navigation/share/goals_and_navigation/package.dsv'
[2.501s] INFO:colcon.colcon_core.shell:Creating package script '/home/trsa2024/ros2_lab3/install/goals_and_navigation/share/goals_and_navigation/package.sh'
[2.501s] INFO:colcon.colcon_core.shell:Creating package script '/home/trsa2024/ros2_lab3/install/goals_and_navigation/share/goals_and_navigation/package.bash'
[2.502s] INFO:colcon.colcon_core.shell:Creating package script '/home/trsa2024/ros2_lab3/install/goals_and_navigation/share/goals_and_navigation/package.zsh'
[2.502s] Level 1:colcon.colcon_core.environment:create_file_with_runtime_dependencies(/home/trsa2024/ros2_lab3/install/goals_and_navigation/share/colcon-core/packages/goals_and_navigation)
[2.502s] DEBUG:colcon.colcon_parallel_executor.executor.parallel:closing loop
[2.503s] DEBUG:colcon.colcon_parallel_executor.executor.parallel:loop closed
[2.503s] DEBUG:colcon.colcon_parallel_executor.executor.parallel:run_until_complete finished with '0'
[2.503s] DEBUG:colcon.colcon_core.event_reactor:joining thread
[2.520s] INFO:colcon.colcon_core.plugin_system:Skipping extension 'colcon_notification.desktop_notification.terminal_notifier': Not used on non-Darwin systems
[2.520s] INFO:colcon.colcon_core.plugin_system:Skipping extension 'colcon_notification.desktop_notification.win32': Not used on non-Windows systems
[2.521s] INFO:colcon.colcon_notification.desktop_notification:Sending desktop notification using 'notify2'
[2.531s] DEBUG:colcon.colcon_core.event_reactor:joined thread
[2.544s] INFO:colcon.colcon_core.shell:Creating prefix script '/home/trsa2024/ros2_lab3/install/local_setup.ps1'
[2.545s] INFO:colcon.colcon_core.shell:Creating prefix util module '/home/trsa2024/ros2_lab3/install/_local_setup_util_ps1.py'
[2.546s] INFO:colcon.colcon_core.shell:Creating prefix chain script '/home/trsa2024/ros2_lab3/install/setup.ps1'
[2.560s] INFO:colcon.colcon_core.shell:Creating prefix script '/home/trsa2024/ros2_lab3/install/local_setup.sh'
[2.561s] INFO:colcon.colcon_core.shell:Creating prefix util module '/home/trsa2024/ros2_lab3/install/_local_setup_util_sh.py'
[2.561s] INFO:colcon.colcon_core.shell:Creating prefix chain script '/home/trsa2024/ros2_lab3/install/setup.sh'
[2.577s] INFO:colcon.colcon_core.shell:Creating prefix script '/home/trsa2024/ros2_lab3/install/local_setup.bash'
[2.578s] INFO:colcon.colcon_core.shell:Creating prefix chain script '/home/trsa2024/ros2_lab3/install/setup.bash'
[2.591s] INFO:colcon.colcon_core.shell:Creating prefix script '/home/trsa2024/ros2_lab3/install/local_setup.zsh'
[2.592s] INFO:colcon.colcon_core.shell:Creating prefix chain script '/home/trsa2024/ros2_lab3/install/setup.zsh'
