[0.792s] Invoking command in '/home/trsa2024/ros2_lab3/src/goals_and_navigation': PYTHONPATH=/home/trsa2024/ros2_lab3/build/goals_and_navigation/prefix_override:/home/trsa2024/ros2_lab3/install/goals_and_navigation/lib/python3.10/site-packages:${PYTHONPATH} /usr/bin/python3 setup.py egg_info --egg-base ../../build/goals_and_navigation build --build-base /home/trsa2024/ros2_lab3/build/goals_and_navigation/build install --record /home/trsa2024/ros2_lab3/build/goals_and_navigation/install.log --single-version-externally-managed
[0.970s] running egg_info
[0.984s] writing ../../build/goals_and_navigation/goals_and_navigation.egg-info/PKG-INFO
[0.984s] writing dependency_links to ../../build/goals_and_navigation/goals_and_navigation.egg-info/dependency_links.txt
[0.984s] writing entry points to ../../build/goals_and_navigation/goals_and_navigation.egg-info/entry_points.txt
[0.985s] writing requirements to ../../build/goals_and_navigation/goals_and_navigation.egg-info/requires.txt
[0.985s] writing top-level names to ../../build/goals_and_navigation/goals_and_navigation.egg-info/top_level.txt
[1.012s] reading manifest file '../../build/goals_and_navigation/goals_and_navigation.egg-info/SOURCES.txt'
[1.013s] writing manifest file '../../build/goals_and_navigation/goals_and_navigation.egg-info/SOURCES.txt'
[1.013s] running build
[1.013s] running build_py
[1.013s] copying goals_and_navigation/cone_detection.py -> /home/trsa2024/ros2_lab3/build/goals_and_navigation/build/lib/goals_and_navigation
[1.014s] running install
[1.014s] /home/trsa2024/.local/lib/python3.10/site-packages/setuptools/_distutils/cmd.py:66: SetuptoolsDeprecationWarning: setup.py install is deprecated.
[1.014s] !!
[1.014s] 
[1.014s]         ********************************************************************************
[1.014s]         Please avoid running ``setup.py`` directly.
[1.014s]         Instead, use pypa/build, pypa/installer or other
[1.014s]         standards-based tools.
[1.015s] 
[1.015s]         See https://blog.ganssle.io/articles/2021/10/setup-py-deprecated.html for details.
[1.015s]         ********************************************************************************
[1.015s] 
[1.015s] !!
[1.015s]   self.initialize_options()
[1.019s] running install_lib
[1.033s] running install_data
[1.047s] copying package.xml -> /home/trsa2024/ros2_lab3/install/goals_and_navigation/share/goals_and_navigation
[1.047s] running install_egg_info
[1.062s] removing '/home/trsa2024/ros2_lab3/install/goals_and_navigation/lib/python3.10/site-packages/goals_and_navigation-0.0.0-py3.10.egg-info' (and everything under it)
[1.062s] Copying ../../build/goals_and_navigation/goals_and_navigation.egg-info to /home/trsa2024/ros2_lab3/install/goals_and_navigation/lib/python3.10/site-packages/goals_and_navigation-0.0.0-py3.10.egg-info
[1.063s] running install_scripts
[1.191s] Installing detection script to /home/trsa2024/ros2_lab3/install/goals_and_navigation/lib/goals_and_navigation
[1.192s] writing list of installed files to '/home/trsa2024/ros2_lab3/build/goals_and_navigation/install.log'
[1.221s] Invoked command in '/home/trsa2024/ros2_lab3/src/goals_and_navigation' returned '0': PYTHONPATH=/home/trsa2024/ros2_lab3/build/goals_and_navigation/prefix_override:/home/trsa2024/ros2_lab3/install/goals_and_navigation/lib/python3.10/site-packages:${PYTHONPATH} /usr/bin/python3 setup.py egg_info --egg-base ../../build/goals_and_navigation build --build-base /home/trsa2024/ros2_lab3/build/goals_and_navigation/build install --record /home/trsa2024/ros2_lab3/build/goals_and_navigation/install.log --single-version-externally-managed
