[0.948s] DEBUG:colcon:Command line arguments: ['/usr/bin/colcon', 'build']
[0.948s] DEBUG:colcon:Parsed command line arguments: Namespace(log_base=None, log_level=None, verb_name='build', build_base='build', install_base='install', merge_install=False, symlink_install=False, test_result_base=None, continue_on_error=False, executor='parallel', parallel_workers=4, event_handlers=None, ignore_user_meta=False, metas=['./colcon.meta'], base_paths=['.'], packages_ignore=None, packages_ignore_regex=None, paths=None, packages_up_to=None, packages_up_to_regex=None, packages_above=None, packages_above_and_dependencies=None, packages_above_depth=None, packages_select_by_dep=None, packages_skip_by_dep=None, packages_skip_up_to=None, packages_select_build_failed=False, packages_skip_build_finished=False, packages_select_test_failures=False, packages_skip_test_passed=False, packages_select=None, packages_skip=None, packages_select_regex=None, packages_skip_regex=None, packages_start=None, packages_end=None, allow_overriding=[], cmake_args=None, cmake_target=None, cmake_target_skip_unavailable=False, cmake_clean_cache=False, cmake_clean_first=False, cmake_force_configure=False, ament_cmake_args=None, catkin_cmake_args=None, catkin_skip_building_tests=False, verb_parser=<colcon_defaults.argument_parser.defaults.DefaultArgumentsDecorator object at 0x7fa0ea53c2b0>, verb_extension=<colcon_core.verb.build.BuildVerb object at 0x7fa0ea6f7d60>, main=<bound method BuildVerb.main of <colcon_core.verb.build.BuildVerb object at 0x7fa0ea6f7d60>>)
[1.004s] Level 1:colcon.colcon_core.package_discovery:discover_packages(colcon_meta) check parameters
[1.004s] Level 1:colcon.colcon_core.package_discovery:discover_packages(recursive) check parameters
[1.004s] Level 1:colcon.colcon_core.package_discovery:discover_packages(ignore) check parameters
[1.004s] Level 1:colcon.colcon_core.package_discovery:discover_packages(path) check parameters
[1.004s] Level 1:colcon.colcon_core.package_discovery:discover_packages(colcon_meta) discover
[1.005s] Level 1:colcon.colcon_core.package_discovery:discover_packages(recursive) discover
[1.005s] INFO:colcon.colcon_core.package_discovery:Crawling recursively for packages in '/home/trsa2024/ros2_lab3'
[1.005s] Level 1:colcon.colcon_core.package_identification:_identify(.) by extensions ['ignore', 'ignore_ament_install']
[1.005s] Level 1:colcon.colcon_core.package_identification:_identify(.) by extension 'ignore'
[1.005s] Level 1:colcon.colcon_core.package_identification:_identify(.) by extension 'ignore_ament_install'
[1.005s] Level 1:colcon.colcon_core.package_identification:_identify(.) by extensions ['colcon_pkg']
[1.005s] Level 1:colcon.colcon_core.package_identification:_identify(.) by extension 'colcon_pkg'
[1.005s] Level 1:colcon.colcon_core.package_identification:_identify(.) by extensions ['colcon_meta']
[1.005s] Level 1:colcon.colcon_core.package_identification:_identify(.) by extension 'colcon_meta'
[1.005s] Level 1:colcon.colcon_core.package_identification:_identify(.) by extensions ['ros']
[1.005s] Level 1:colcon.colcon_core.package_identification:_identify(.) by extension 'ros'
[1.019s] Level 1:colcon.colcon_core.package_identification:_identify(.) by extensions ['cmake', 'python']
[1.019s] Level 1:colcon.colcon_core.package_identification:_identify(.) by extension 'cmake'
[1.019s] Level 1:colcon.colcon_core.package_identification:_identify(.) by extension 'python'
[1.019s] Level 1:colcon.colcon_core.package_identification:_identify(.) by extensions ['python_setup_py']
[1.019s] Level 1:colcon.colcon_core.package_identification:_identify(.) by extension 'python_setup_py'
[1.019s] Level 1:colcon.colcon_core.package_identification:_identify(bt) by extensions ['ignore', 'ignore_ament_install']
[1.020s] Level 1:colcon.colcon_core.package_identification:_identify(bt) by extension 'ignore'
[1.020s] Level 1:colcon.colcon_core.package_identification:_identify(bt) by extension 'ignore_ament_install'
[1.020s] Level 1:colcon.colcon_core.package_identification:_identify(bt) by extensions ['colcon_pkg']
[1.020s] Level 1:colcon.colcon_core.package_identification:_identify(bt) by extension 'colcon_pkg'
[1.020s] Level 1:colcon.colcon_core.package_identification:_identify(bt) by extensions ['colcon_meta']
[1.020s] Level 1:colcon.colcon_core.package_identification:_identify(bt) by extension 'colcon_meta'
[1.020s] Level 1:colcon.colcon_core.package_identification:_identify(bt) by extensions ['ros']
[1.020s] Level 1:colcon.colcon_core.package_identification:_identify(bt) by extension 'ros'
[1.020s] Level 1:colcon.colcon_core.package_identification:_identify(bt) by extensions ['cmake', 'python']
[1.020s] Level 1:colcon.colcon_core.package_identification:_identify(bt) by extension 'cmake'
[1.020s] Level 1:colcon.colcon_core.package_identification:_identify(bt) by extension 'python'
[1.020s] Level 1:colcon.colcon_core.package_identification:_identify(bt) by extensions ['python_setup_py']
[1.020s] Level 1:colcon.colcon_core.package_identification:_identify(bt) by extension 'python_setup_py'
[1.020s] Level 1:colcon.colcon_core.package_identification:_identify(build) by extensions ['ignore', 'ignore_ament_install']
[1.020s] Level 1:colcon.colcon_core.package_identification:_identify(build) by extension 'ignore'
[1.021s] Level 1:colcon.colcon_core.package_identification:_identify(build) ignored
[1.021s] Level 1:colcon.colcon_core.package_identification:_identify(install) by extensions ['ignore', 'ignore_ament_install']
[1.021s] Level 1:colcon.colcon_core.package_identification:_identify(install) by extension 'ignore'
[1.021s] Level 1:colcon.colcon_core.package_identification:_identify(install) ignored
[1.021s] Level 1:colcon.colcon_core.package_identification:_identify(log) by extensions ['ignore', 'ignore_ament_install']
[1.021s] Level 1:colcon.colcon_core.package_identification:_identify(log) by extension 'ignore'
[1.021s] Level 1:colcon.colcon_core.package_identification:_identify(log) ignored
[1.021s] Level 1:colcon.colcon_core.package_identification:_identify(src) by extensions ['ignore', 'ignore_ament_install']
[1.021s] Level 1:colcon.colcon_core.package_identification:_identify(src) by extension 'ignore'
[1.021s] Level 1:colcon.colcon_core.package_identification:_identify(src) by extension 'ignore_ament_install'
[1.021s] Level 1:colcon.colcon_core.package_identification:_identify(src) by extensions ['colcon_pkg']
[1.021s] Level 1:colcon.colcon_core.package_identification:_identify(src) by extension 'colcon_pkg'
[1.022s] Level 1:colcon.colcon_core.package_identification:_identify(src) by extensions ['colcon_meta']
[1.022s] Level 1:colcon.colcon_core.package_identification:_identify(src) by extension 'colcon_meta'
[1.022s] Level 1:colcon.colcon_core.package_identification:_identify(src) by extensions ['ros']
[1.022s] Level 1:colcon.colcon_core.package_identification:_identify(src) by extension 'ros'
[1.022s] Level 1:colcon.colcon_core.package_identification:_identify(src) by extensions ['cmake', 'python']
[1.022s] Level 1:colcon.colcon_core.package_identification:_identify(src) by extension 'cmake'
[1.022s] Level 1:colcon.colcon_core.package_identification:_identify(src) by extension 'python'
[1.022s] Level 1:colcon.colcon_core.package_identification:_identify(src) by extensions ['python_setup_py']
[1.022s] Level 1:colcon.colcon_core.package_identification:_identify(src) by extension 'python_setup_py'
[1.022s] Level 1:colcon.colcon_core.package_identification:_identify(src/goals_and_navigation) by extensions ['ignore', 'ignore_ament_install']
[1.022s] Level 1:colcon.colcon_core.package_identification:_identify(src/goals_and_navigation) by extension 'ignore'
[1.022s] Level 1:colcon.colcon_core.package_identification:_identify(src/goals_and_navigation) by extension 'ignore_ament_install'
[1.022s] Level 1:colcon.colcon_core.package_identification:_identify(src/goals_and_navigation) by extensions ['colcon_pkg']
[1.022s] Level 1:colcon.colcon_core.package_identification:_identify(src/goals_and_navigation) by extension 'colcon_pkg'
[1.022s] Level 1:colcon.colcon_core.package_identification:_identify(src/goals_and_navigation) by extensions ['colcon_meta']
[1.022s] Level 1:colcon.colcon_core.package_identification:_identify(src/goals_and_navigation) by extension 'colcon_meta'
[1.022s] Level 1:colcon.colcon_core.package_identification:_identify(src/goals_and_navigation) by extensions ['ros']
[1.022s] Level 1:colcon.colcon_core.package_identification:_identify(src/goals_and_navigation) by extension 'ros'
[1.025s] DEBUG:colcon.colcon_core.package_identification:Package 'src/goals_and_navigation' with type 'ros.ament_python' and name 'goals_and_navigation'
[1.025s] Level 1:colcon.colcon_core.package_identification:_identify(src/lab3_pkg) by extensions ['ignore', 'ignore_ament_install']
[1.025s] Level 1:colcon.colcon_core.package_identification:_identify(src/lab3_pkg) by extension 'ignore'
[1.025s] Level 1:colcon.colcon_core.package_identification:_identify(src/lab3_pkg) by extension 'ignore_ament_install'
[1.025s] Level 1:colcon.colcon_core.package_identification:_identify(src/lab3_pkg) by extensions ['colcon_pkg']
[1.025s] Level 1:colcon.colcon_core.package_identification:_identify(src/lab3_pkg) by extension 'colcon_pkg'
[1.025s] Level 1:colcon.colcon_core.package_identification:_identify(src/lab3_pkg) by extensions ['colcon_meta']
[1.025s] Level 1:colcon.colcon_core.package_identification:_identify(src/lab3_pkg) by extension 'colcon_meta'
[1.025s] Level 1:colcon.colcon_core.package_identification:_identify(src/lab3_pkg) by extensions ['ros']
[1.025s] Level 1:colcon.colcon_core.package_identification:_identify(src/lab3_pkg) by extension 'ros'
[1.026s] DEBUG:colcon.colcon_core.package_identification:Package 'src/lab3_pkg' with type 'ros.ament_cmake' and name 'lab3_pkg'
[1.026s] Level 1:colcon.colcon_core.package_discovery:discover_packages(recursive) using defaults
[1.026s] Level 1:colcon.colcon_core.package_discovery:discover_packages(ignore) discover
[1.026s] Level 1:colcon.colcon_core.package_discovery:discover_packages(ignore) using defaults
[1.026s] Level 1:colcon.colcon_core.package_discovery:discover_packages(path) discover
[1.026s] Level 1:colcon.colcon_core.package_discovery:discover_packages(path) using defaults
[1.119s] Level 1:colcon.colcon_core.package_discovery:discover_packages(prefix_path) check parameters
[1.119s] Level 1:colcon.colcon_core.package_discovery:discover_packages(prefix_path) discover
[1.150s] DEBUG:colcon.colcon_installed_package_information.package_discovery:Found 400 installed packages in /opt/ros/humble
[1.151s] Level 1:colcon.colcon_core.package_discovery:discover_packages(prefix_path) using defaults
[1.233s] Level 5:colcon.colcon_core.verb:set package 'goals_and_navigation' build argument 'cmake_args' from command line to 'None'
[1.233s] Level 5:colcon.colcon_core.verb:set package 'goals_and_navigation' build argument 'cmake_target' from command line to 'None'
[1.233s] Level 5:colcon.colcon_core.verb:set package 'goals_and_navigation' build argument 'cmake_target_skip_unavailable' from command line to 'False'
[1.233s] Level 5:colcon.colcon_core.verb:set package 'goals_and_navigation' build argument 'cmake_clean_cache' from command line to 'False'
[1.233s] Level 5:colcon.colcon_core.verb:set package 'goals_and_navigation' build argument 'cmake_clean_first' from command line to 'False'
[1.233s] Level 5:colcon.colcon_core.verb:set package 'goals_and_navigation' build argument 'cmake_force_configure' from command line to 'False'
[1.234s] Level 5:colcon.colcon_core.verb:set package 'goals_and_navigation' build argument 'ament_cmake_args' from command line to 'None'
[1.234s] Level 5:colcon.colcon_core.verb:set package 'goals_and_navigation' build argument 'catkin_cmake_args' from command line to 'None'
[1.234s] Level 5:colcon.colcon_core.verb:set package 'goals_and_navigation' build argument 'catkin_skip_building_tests' from command line to 'False'
[1.234s] DEBUG:colcon.colcon_core.verb:Building package 'goals_and_navigation' with the following arguments: {'ament_cmake_args': None, 'build_base': '/home/trsa2024/ros2_lab3/build/goals_and_navigation', 'catkin_cmake_args': None, 'catkin_skip_building_tests': False, 'cmake_args': None, 'cmake_clean_cache': False, 'cmake_clean_first': False, 'cmake_force_configure': False, 'cmake_target': None, 'cmake_target_skip_unavailable': False, 'install_base': '/home/trsa2024/ros2_lab3/install/goals_and_navigation', 'merge_install': False, 'path': '/home/trsa2024/ros2_lab3/src/goals_and_navigation', 'symlink_install': False, 'test_result_base': None}
[1.248s] Level 5:colcon.colcon_core.verb:set package 'lab3_pkg' build argument 'cmake_args' from command line to 'None'
[1.248s] Level 5:colcon.colcon_core.verb:set package 'lab3_pkg' build argument 'cmake_target' from command line to 'None'
[1.248s] Level 5:colcon.colcon_core.verb:set package 'lab3_pkg' build argument 'cmake_target_skip_unavailable' from command line to 'False'
[1.248s] Level 5:colcon.colcon_core.verb:set package 'lab3_pkg' build argument 'cmake_clean_cache' from command line to 'False'
[1.248s] Level 5:colcon.colcon_core.verb:set package 'lab3_pkg' build argument 'cmake_clean_first' from command line to 'False'
[1.248s] Level 5:colcon.colcon_core.verb:set package 'lab3_pkg' build argument 'cmake_force_configure' from command line to 'False'
[1.248s] Level 5:colcon.colcon_core.verb:set package 'lab3_pkg' build argument 'ament_cmake_args' from command line to 'None'
[1.248s] Level 5:colcon.colcon_core.verb:set package 'lab3_pkg' build argument 'catkin_cmake_args' from command line to 'None'
[1.248s] Level 5:colcon.colcon_core.verb:set package 'lab3_pkg' build argument 'catkin_skip_building_tests' from command line to 'False'
[1.248s] DEBUG:colcon.colcon_core.verb:Building package 'lab3_pkg' with the following arguments: {'ament_cmake_args': None, 'build_base': '/home/trsa2024/ros2_lab3/build/lab3_pkg', 'catkin_cmake_args': None, 'catkin_skip_building_tests': False, 'cmake_args': None, 'cmake_clean_cache': False, 'cmake_clean_first': False, 'cmake_force_configure': False, 'cmake_target': None, 'cmake_target_skip_unavailable': False, 'install_base': '/home/trsa2024/ros2_lab3/install/lab3_pkg', 'merge_install': False, 'path': '/home/trsa2024/ros2_lab3/src/lab3_pkg', 'symlink_install': False, 'test_result_base': None}
[1.261s] INFO:colcon.colcon_core.executor:Executing jobs using 'parallel' executor
[1.275s] DEBUG:colcon.colcon_parallel_executor.executor.parallel:run_until_complete
[1.275s] INFO:colcon.colcon_ros.task.ament_python.build:Building ROS package in '/home/trsa2024/ros2_lab3/src/goals_and_navigation' with build type 'ament_python'
[1.276s] Level 1:colcon.colcon_core.shell:create_environment_hook('goals_and_navigation', 'ament_prefix_path')
[1.292s] INFO:colcon.colcon_core.plugin_system:Skipping extension 'colcon_core.shell.bat': Not used on non-Windows systems
[1.292s] INFO:colcon.colcon_core.shell:Creating environment hook '/home/trsa2024/ros2_lab3/install/goals_and_navigation/share/goals_and_navigation/hook/ament_prefix_path.ps1'
[1.293s] INFO:colcon.colcon_core.shell:Creating environment descriptor '/home/trsa2024/ros2_lab3/install/goals_and_navigation/share/goals_and_navigation/hook/ament_prefix_path.dsv'
[1.293s] INFO:colcon.colcon_core.shell:Creating environment hook '/home/trsa2024/ros2_lab3/install/goals_and_navigation/share/goals_and_navigation/hook/ament_prefix_path.sh'
[1.321s] INFO:colcon.colcon_core.shell:Skip shell extension 'powershell' for command environment: Not usable outside of PowerShell
[1.321s] DEBUG:colcon.colcon_core.shell:Skip shell extension 'dsv' for command environment
[1.352s] INFO:colcon.colcon_ros.task.ament_cmake.build:Building ROS package in '/home/trsa2024/ros2_lab3/src/lab3_pkg' with build type 'ament_cmake'
[1.352s] INFO:colcon.colcon_cmake.task.cmake.build:Building CMake package in '/home/trsa2024/ros2_lab3/src/lab3_pkg'
[1.366s] INFO:colcon.colcon_core.shell:Skip shell extension 'powershell' for command environment: Not usable outside of PowerShell
[1.366s] DEBUG:colcon.colcon_core.shell:Skip shell extension 'dsv' for command environment
[1.587s] INFO:colcon.colcon_core.task.python.build:Building Python package in '/home/trsa2024/ros2_lab3/src/goals_and_navigation'
[1.603s] INFO:colcon.colcon_core.shell:Skip shell extension 'powershell' for command environment: Not usable outside of PowerShell
[1.603s] DEBUG:colcon.colcon_core.shell:Skip shell extension 'dsv' for command environment
[1.640s] DEBUG:colcon.colcon_core.event_handler.log_command:Invoking command in '/home/trsa2024/ros2_lab3/build/lab3_pkg': CMAKE_PREFIX_PATH=/opt/ros/humble /usr/bin/cmake --build /home/trsa2024/ros2_lab3/build/lab3_pkg -- -j4 -l4
[1.721s] DEBUG:colcon.colcon_core.event_handler.log_command:Invoked command in '/home/trsa2024/ros2_lab3/build/lab3_pkg' returned '0': CMAKE_PREFIX_PATH=/opt/ros/humble /usr/bin/cmake --build /home/trsa2024/ros2_lab3/build/lab3_pkg -- -j4 -l4
[1.773s] DEBUG:colcon.colcon_core.event_handler.log_command:Invoking command in '/home/trsa2024/ros2_lab3/build/lab3_pkg': CMAKE_PREFIX_PATH=/opt/ros/humble /usr/bin/cmake --install /home/trsa2024/ros2_lab3/build/lab3_pkg
[1.785s] Level 1:colcon.colcon_core.environment:create_environment_scripts_only(lab3_pkg)
[1.795s] DEBUG:colcon.colcon_core.event_handler.log_command:Invoked command in '/home/trsa2024/ros2_lab3/build/lab3_pkg' returned '0': CMAKE_PREFIX_PATH=/opt/ros/humble /usr/bin/cmake --install /home/trsa2024/ros2_lab3/build/lab3_pkg
[1.805s] Level 1:colcon.colcon_core.environment:checking '/home/trsa2024/ros2_lab3/install/lab3_pkg' for CMake module files
[1.805s] Level 1:colcon.colcon_core.environment:checking '/home/trsa2024/ros2_lab3/install/lab3_pkg' for CMake config files
[1.806s] Level 1:colcon.colcon_core.shell:create_environment_hook('lab3_pkg', 'cmake_prefix_path')
[1.819s] INFO:colcon.colcon_core.shell:Creating environment hook '/home/trsa2024/ros2_lab3/install/lab3_pkg/share/lab3_pkg/hook/cmake_prefix_path.ps1'
[1.820s] INFO:colcon.colcon_core.shell:Creating environment descriptor '/home/trsa2024/ros2_lab3/install/lab3_pkg/share/lab3_pkg/hook/cmake_prefix_path.dsv'
[1.821s] INFO:colcon.colcon_core.shell:Creating environment hook '/home/trsa2024/ros2_lab3/install/lab3_pkg/share/lab3_pkg/hook/cmake_prefix_path.sh'
[1.821s] Level 1:colcon.colcon_core.environment:checking '/home/trsa2024/ros2_lab3/install/lab3_pkg/lib'
[1.822s] Level 1:colcon.colcon_core.shell:create_environment_hook('lab3_pkg', 'ld_library_path_lib')
[1.838s] INFO:colcon.colcon_core.shell:Creating environment hook '/home/trsa2024/ros2_lab3/install/lab3_pkg/share/lab3_pkg/hook/ld_library_path_lib.ps1'
[1.838s] INFO:colcon.colcon_core.shell:Creating environment descriptor '/home/trsa2024/ros2_lab3/install/lab3_pkg/share/lab3_pkg/hook/ld_library_path_lib.dsv'
[1.839s] INFO:colcon.colcon_core.shell:Creating environment hook '/home/trsa2024/ros2_lab3/install/lab3_pkg/share/lab3_pkg/hook/ld_library_path_lib.sh'
[1.840s] Level 1:colcon.colcon_core.environment:checking '/home/trsa2024/ros2_lab3/install/lab3_pkg/bin'
[1.840s] Level 1:colcon.colcon_core.environment:checking '/home/trsa2024/ros2_lab3/install/lab3_pkg/lib/pkgconfig/lab3_pkg.pc'
[1.840s] Level 1:colcon.colcon_core.environment:checking '/home/trsa2024/ros2_lab3/install/lab3_pkg/lib/python3.10/site-packages'
[1.840s] Level 1:colcon.colcon_core.environment:checking '/home/trsa2024/ros2_lab3/install/lab3_pkg/bin'
[1.856s] INFO:colcon.colcon_core.shell:Creating package script '/home/trsa2024/ros2_lab3/install/lab3_pkg/share/lab3_pkg/package.ps1'
[1.857s] INFO:colcon.colcon_core.shell:Creating package descriptor '/home/trsa2024/ros2_lab3/install/lab3_pkg/share/lab3_pkg/package.dsv'
[1.857s] INFO:colcon.colcon_core.shell:Creating package script '/home/trsa2024/ros2_lab3/install/lab3_pkg/share/lab3_pkg/package.sh'
[1.858s] INFO:colcon.colcon_core.shell:Creating package script '/home/trsa2024/ros2_lab3/install/lab3_pkg/share/lab3_pkg/package.bash'
[1.859s] INFO:colcon.colcon_core.shell:Creating package script '/home/trsa2024/ros2_lab3/install/lab3_pkg/share/lab3_pkg/package.zsh'
[1.859s] Level 1:colcon.colcon_core.environment:create_file_with_runtime_dependencies(/home/trsa2024/ros2_lab3/install/lab3_pkg/share/colcon-core/packages/lab3_pkg)
[1.909s] Level 1:colcon.colcon_core.environment:create_environment_scripts_only(lab3_pkg)
[1.924s] Level 1:colcon.colcon_core.environment:checking '/home/trsa2024/ros2_lab3/install/lab3_pkg' for CMake module files
[1.925s] Level 1:colcon.colcon_core.environment:checking '/home/trsa2024/ros2_lab3/install/lab3_pkg' for CMake config files
[1.926s] Level 1:colcon.colcon_core.shell:create_environment_hook('lab3_pkg', 'cmake_prefix_path')
[1.941s] INFO:colcon.colcon_core.shell:Creating environment hook '/home/trsa2024/ros2_lab3/install/lab3_pkg/share/lab3_pkg/hook/cmake_prefix_path.ps1'
[1.942s] INFO:colcon.colcon_core.shell:Creating environment descriptor '/home/trsa2024/ros2_lab3/install/lab3_pkg/share/lab3_pkg/hook/cmake_prefix_path.dsv'
[1.943s] INFO:colcon.colcon_core.shell:Creating environment hook '/home/trsa2024/ros2_lab3/install/lab3_pkg/share/lab3_pkg/hook/cmake_prefix_path.sh'
[1.943s] Level 1:colcon.colcon_core.environment:checking '/home/trsa2024/ros2_lab3/install/lab3_pkg/lib'
[1.943s] Level 1:colcon.colcon_core.shell:create_environment_hook('lab3_pkg', 'ld_library_path_lib')
[1.957s] INFO:colcon.colcon_core.shell:Creating environment hook '/home/trsa2024/ros2_lab3/install/lab3_pkg/share/lab3_pkg/hook/ld_library_path_lib.ps1'
[1.958s] INFO:colcon.colcon_core.shell:Creating environment descriptor '/home/trsa2024/ros2_lab3/install/lab3_pkg/share/lab3_pkg/hook/ld_library_path_lib.dsv'
[1.958s] INFO:colcon.colcon_core.shell:Creating environment hook '/home/trsa2024/ros2_lab3/install/lab3_pkg/share/lab3_pkg/hook/ld_library_path_lib.sh'
[1.959s] Level 1:colcon.colcon_core.environment:checking '/home/trsa2024/ros2_lab3/install/lab3_pkg/bin'
[1.959s] Level 1:colcon.colcon_core.environment:checking '/home/trsa2024/ros2_lab3/install/lab3_pkg/lib/pkgconfig/lab3_pkg.pc'
[1.959s] Level 1:colcon.colcon_core.environment:checking '/home/trsa2024/ros2_lab3/install/lab3_pkg/lib/python3.10/site-packages'
[1.960s] Level 1:colcon.colcon_core.environment:checking '/home/trsa2024/ros2_lab3/install/lab3_pkg/bin'
[1.973s] INFO:colcon.colcon_core.shell:Creating package script '/home/trsa2024/ros2_lab3/install/lab3_pkg/share/lab3_pkg/package.ps1'
[1.974s] INFO:colcon.colcon_core.shell:Creating package descriptor '/home/trsa2024/ros2_lab3/install/lab3_pkg/share/lab3_pkg/package.dsv'
[1.974s] INFO:colcon.colcon_core.shell:Creating package script '/home/trsa2024/ros2_lab3/install/lab3_pkg/share/lab3_pkg/package.sh'
[1.975s] INFO:colcon.colcon_core.shell:Creating package script '/home/trsa2024/ros2_lab3/install/lab3_pkg/share/lab3_pkg/package.bash'
[1.975s] INFO:colcon.colcon_core.shell:Creating package script '/home/trsa2024/ros2_lab3/install/lab3_pkg/share/lab3_pkg/package.zsh'
[1.976s] Level 1:colcon.colcon_core.environment:create_file_with_runtime_dependencies(/home/trsa2024/ros2_lab3/install/lab3_pkg/share/colcon-core/packages/lab3_pkg)
[2.173s] DEBUG:colcon.colcon_core.event_handler.log_command:Invoking command in '/home/trsa2024/ros2_lab3/src/goals_and_navigation': PYTHONPATH=/home/trsa2024/ros2_lab3/build/goals_and_navigation/prefix_override:/home/trsa2024/ros2_lab3/install/goals_and_navigation/lib/python3.10/site-packages:${PYTHONPATH} /usr/bin/python3 setup.py egg_info --egg-base ../../build/goals_and_navigation build --build-base /home/trsa2024/ros2_lab3/build/goals_and_navigation/build install --record /home/trsa2024/ros2_lab3/build/goals_and_navigation/install.log --single-version-externally-managed
[2.678s] DEBUG:colcon.colcon_core.event_handler.log_command:Invoked command in '/home/trsa2024/ros2_lab3/src/goals_and_navigation' returned '0': PYTHONPATH=/home/trsa2024/ros2_lab3/build/goals_and_navigation/prefix_override:/home/trsa2024/ros2_lab3/install/goals_and_navigation/lib/python3.10/site-packages:${PYTHONPATH} /usr/bin/python3 setup.py egg_info --egg-base ../../build/goals_and_navigation build --build-base /home/trsa2024/ros2_lab3/build/goals_and_navigation/build install --record /home/trsa2024/ros2_lab3/build/goals_and_navigation/install.log --single-version-externally-managed
[2.698s] Level 1:colcon.colcon_core.environment:checking '/home/trsa2024/ros2_lab3/install/goals_and_navigation' for CMake module files
[2.699s] Level 1:colcon.colcon_core.environment:checking '/home/trsa2024/ros2_lab3/install/goals_and_navigation' for CMake config files
[2.700s] Level 1:colcon.colcon_core.environment:checking '/home/trsa2024/ros2_lab3/install/goals_and_navigation/lib'
[2.702s] Level 1:colcon.colcon_core.environment:checking '/home/trsa2024/ros2_lab3/install/goals_and_navigation/bin'
[2.702s] Level 1:colcon.colcon_core.environment:checking '/home/trsa2024/ros2_lab3/install/goals_and_navigation/lib/pkgconfig/goals_and_navigation.pc'
[2.702s] Level 1:colcon.colcon_core.environment:checking '/home/trsa2024/ros2_lab3/install/goals_and_navigation/lib/python3.10/site-packages'
[2.702s] Level 1:colcon.colcon_core.shell:create_environment_hook('goals_and_navigation', 'pythonpath')
[2.716s] INFO:colcon.colcon_core.shell:Creating environment hook '/home/trsa2024/ros2_lab3/install/goals_and_navigation/share/goals_and_navigation/hook/pythonpath.ps1'
[2.717s] INFO:colcon.colcon_core.shell:Creating environment descriptor '/home/trsa2024/ros2_lab3/install/goals_and_navigation/share/goals_and_navigation/hook/pythonpath.dsv'
[2.718s] INFO:colcon.colcon_core.shell:Creating environment hook '/home/trsa2024/ros2_lab3/install/goals_and_navigation/share/goals_and_navigation/hook/pythonpath.sh'
[2.718s] Level 1:colcon.colcon_core.environment:checking '/home/trsa2024/ros2_lab3/install/goals_and_navigation/bin'
[2.719s] Level 1:colcon.colcon_core.environment:create_environment_scripts_only(goals_and_navigation)
[2.733s] INFO:colcon.colcon_core.shell:Creating package script '/home/trsa2024/ros2_lab3/install/goals_and_navigation/share/goals_and_navigation/package.ps1'
[2.733s] INFO:colcon.colcon_core.shell:Creating package descriptor '/home/trsa2024/ros2_lab3/install/goals_and_navigation/share/goals_and_navigation/package.dsv'
[2.734s] INFO:colcon.colcon_core.shell:Creating package script '/home/trsa2024/ros2_lab3/install/goals_and_navigation/share/goals_and_navigation/package.sh'
[2.734s] INFO:colcon.colcon_core.shell:Creating package script '/home/trsa2024/ros2_lab3/install/goals_and_navigation/share/goals_and_navigation/package.bash'
[2.735s] INFO:colcon.colcon_core.shell:Creating package script '/home/trsa2024/ros2_lab3/install/goals_and_navigation/share/goals_and_navigation/package.zsh'
[2.735s] Level 1:colcon.colcon_core.environment:create_file_with_runtime_dependencies(/home/trsa2024/ros2_lab3/install/goals_and_navigation/share/colcon-core/packages/goals_and_navigation)
[2.736s] DEBUG:colcon.colcon_parallel_executor.executor.parallel:closing loop
[2.736s] DEBUG:colcon.colcon_parallel_executor.executor.parallel:loop closed
[2.736s] DEBUG:colcon.colcon_parallel_executor.executor.parallel:run_until_complete finished with '0'
[2.736s] DEBUG:colcon.colcon_core.event_reactor:joining thread
[2.755s] INFO:colcon.colcon_core.plugin_system:Skipping extension 'colcon_notification.desktop_notification.terminal_notifier': Not used on non-Darwin systems
[2.755s] INFO:colcon.colcon_core.plugin_system:Skipping extension 'colcon_notification.desktop_notification.win32': Not used on non-Windows systems
[2.755s] INFO:colcon.colcon_notification.desktop_notification:Sending desktop notification using 'notify2'
[2.765s] DEBUG:colcon.colcon_core.event_reactor:joined thread
[2.780s] INFO:colcon.colcon_core.shell:Creating prefix script '/home/trsa2024/ros2_lab3/install/local_setup.ps1'
[2.781s] INFO:colcon.colcon_core.shell:Creating prefix util module '/home/trsa2024/ros2_lab3/install/_local_setup_util_ps1.py'
[2.783s] INFO:colcon.colcon_core.shell:Creating prefix chain script '/home/trsa2024/ros2_lab3/install/setup.ps1'
[2.796s] INFO:colcon.colcon_core.shell:Creating prefix script '/home/trsa2024/ros2_lab3/install/local_setup.sh'
[2.797s] INFO:colcon.colcon_core.shell:Creating prefix util module '/home/trsa2024/ros2_lab3/install/_local_setup_util_sh.py'
[2.798s] INFO:colcon.colcon_core.shell:Creating prefix chain script '/home/trsa2024/ros2_lab3/install/setup.sh'
[2.813s] INFO:colcon.colcon_core.shell:Creating prefix script '/home/trsa2024/ros2_lab3/install/local_setup.bash'
[2.814s] INFO:colcon.colcon_core.shell:Creating prefix chain script '/home/trsa2024/ros2_lab3/install/setup.bash'
[2.829s] INFO:colcon.colcon_core.shell:Creating prefix script '/home/trsa2024/ros2_lab3/install/local_setup.zsh'
[2.830s] INFO:colcon.colcon_core.shell:Creating prefix chain script '/home/trsa2024/ros2_lab3/install/setup.zsh'
