[0.340s] Invoking command in '/home/trsa2024/ros2_lab3/build/lab3_pkg': CMAKE_PREFIX_PATH=/opt/ros/humble /usr/bin/cmake --build /home/trsa2024/ros2_lab3/build/lab3_pkg -- -j4 -l4
[0.447s] [35m[1mConsolidate compiler generated dependencies of target nav2_my_detection_plugin[0m
[0.513s] [100%] Built target nav2_my_detection_plugin
[0.526s] Invoked command in '/home/trsa2024/ros2_lab3/build/lab3_pkg' returned '0': CMAKE_PREFIX_PATH=/opt/ros/humble /usr/bin/cmake --build /home/trsa2024/ros2_lab3/build/lab3_pkg -- -j4 -l4
[0.570s] Invoking command in '/home/trsa2024/ros2_lab3/build/lab3_pkg': CMAKE_PREFIX_PATH=/opt/ros/humble /usr/bin/cmake --install /home/trsa2024/ros2_lab3/build/lab3_pkg
[0.581s] -- Install configuration: ""
[0.584s] -- Up-to-date: /home/trsa2024/ros2_lab3/install/lab3_pkg/lib/libnav2_my_detection_plugin.so
[0.585s] -- Up-to-date: /home/trsa2024/ros2_lab3/install/lab3_pkg/include/
[0.585s] -- Up-to-date: /home/trsa2024/ros2_lab3/install/lab3_pkg/include//lab3_pkg
[0.585s] -- Up-to-date: /home/trsa2024/ros2_lab3/install/lab3_pkg/include//lab3_pkg/DetectCone.hpp
[0.585s] -- Up-to-date: /home/trsa2024/ros2_lab3/install/lab3_pkg/share/lab3_pkg/environment/library_path.sh
[0.585s] -- Up-to-date: /home/trsa2024/ros2_lab3/install/lab3_pkg/share/lab3_pkg/environment/library_path.dsv
[0.585s] -- Up-to-date: /home/trsa2024/ros2_lab3/install/lab3_pkg/share/ament_index/resource_index/package_run_dependencies/lab3_pkg
[0.585s] -- Up-to-date: /home/trsa2024/ros2_lab3/install/lab3_pkg/share/ament_index/resource_index/parent_prefix_path/lab3_pkg
[0.585s] -- Up-to-date: /home/trsa2024/ros2_lab3/install/lab3_pkg/share/lab3_pkg/environment/ament_prefix_path.sh
[0.585s] -- Up-to-date: /home/trsa2024/ros2_lab3/install/lab3_pkg/share/lab3_pkg/environment/ament_prefix_path.dsv
[0.585s] -- Up-to-date: /home/trsa2024/ros2_lab3/install/lab3_pkg/share/lab3_pkg/environment/path.sh
[0.585s] -- Up-to-date: /home/trsa2024/ros2_lab3/install/lab3_pkg/share/lab3_pkg/environment/path.dsv
[0.585s] -- Up-to-date: /home/trsa2024/ros2_lab3/install/lab3_pkg/share/lab3_pkg/local_setup.bash
[0.585s] -- Up-to-date: /home/trsa2024/ros2_lab3/install/lab3_pkg/share/lab3_pkg/local_setup.sh
[0.586s] -- Up-to-date: /home/trsa2024/ros2_lab3/install/lab3_pkg/share/lab3_pkg/local_setup.zsh
[0.586s] -- Up-to-date: /home/trsa2024/ros2_lab3/install/lab3_pkg/share/lab3_pkg/local_setup.dsv
[0.586s] -- Installing: /home/trsa2024/ros2_lab3/install/lab3_pkg/share/lab3_pkg/package.dsv
[0.592s] -- Up-to-date: /home/trsa2024/ros2_lab3/install/lab3_pkg/share/ament_index/resource_index/packages/lab3_pkg
[0.592s] -- Up-to-date: /home/trsa2024/ros2_lab3/install/lab3_pkg/share/lab3_pkg/cmake/ament_cmake_export_include_directories-extras.cmake
[0.592s] -- Up-to-date: /home/trsa2024/ros2_lab3/install/lab3_pkg/share/lab3_pkg/cmake/ament_cmake_export_libraries-extras.cmake
[0.593s] -- Up-to-date: /home/trsa2024/ros2_lab3/install/lab3_pkg/share/lab3_pkg/cmake/lab3_pkgConfig.cmake
[0.593s] -- Up-to-date: /home/trsa2024/ros2_lab3/install/lab3_pkg/share/lab3_pkg/cmake/lab3_pkgConfig-version.cmake
[0.593s] -- Up-to-date: /home/trsa2024/ros2_lab3/install/lab3_pkg/share/lab3_pkg/package.xml
[0.593s] Invoked command in '/home/trsa2024/ros2_lab3/build/lab3_pkg' returned '0': CMAKE_PREFIX_PATH=/opt/ros/humble /usr/bin/cmake --install /home/trsa2024/ros2_lab3/build/lab3_pkg
