[0.261s] Invoking command in '/home/trsa2024/ros2_lab3/build/lab3_pkg': CMAKE_PREFIX_PATH=/opt/ros/humble /usr/bin/cmake --build /home/trsa2024/ros2_lab3/build/lab3_pkg -- -j4 -l4
[0.308s] [35m[1mConsolidate compiler generated dependencies of target nav2_my_detection_plugin[0m
[0.335s] [ 50%] [32mBuilding CXX object CMakeFiles/nav2_my_detection_plugin.dir/src/DetectCone.cpp.o[0m
[7.863s] [100%] [32m[1mLinking CXX shared library libnav2_my_detection_plugin.so[0m
[8.213s] [100%] Built target nav2_my_detection_plugin
[8.227s] Invoked command in '/home/trsa2024/ros2_lab3/build/lab3_pkg' returned '0': CMAKE_PREFIX_PATH=/opt/ros/humble /usr/bin/cmake --build /home/trsa2024/ros2_lab3/build/lab3_pkg -- -j4 -l4
[8.266s] Invoking command in '/home/trsa2024/ros2_lab3/build/lab3_pkg': CMAKE_PREFIX_PATH=/opt/ros/humble /usr/bin/cmake --install /home/trsa2024/ros2_lab3/build/lab3_pkg
[8.274s] -- Install configuration: ""
[8.274s] -- Installing: /home/trsa2024/ros2_lab3/install/lab3_pkg/lib/libnav2_my_detection_plugin.so
[8.287s] -- Set runtime path of "/home/trsa2024/ros2_lab3/install/lab3_pkg/lib/libnav2_my_detection_plugin.so" to ""
[8.287s] -- Up-to-date: /home/trsa2024/ros2_lab3/install/lab3_pkg/include/
[8.287s] -- Up-to-date: /home/trsa2024/ros2_lab3/install/lab3_pkg/include//lab3_pkg
[8.287s] -- Up-to-date: /home/trsa2024/ros2_lab3/install/lab3_pkg/include//lab3_pkg/DetectConeOld.hpp
[8.287s] -- Installing: /home/trsa2024/ros2_lab3/install/lab3_pkg/include//lab3_pkg/DetectCone.hpp
[8.288s] -- Up-to-date: /home/trsa2024/ros2_lab3/install/lab3_pkg/share/lab3_pkg/environment/library_path.sh
[8.288s] -- Up-to-date: /home/trsa2024/ros2_lab3/install/lab3_pkg/share/lab3_pkg/environment/library_path.dsv
[8.288s] -- Up-to-date: /home/trsa2024/ros2_lab3/install/lab3_pkg/share/ament_index/resource_index/package_run_dependencies/lab3_pkg
[8.288s] -- Up-to-date: /home/trsa2024/ros2_lab3/install/lab3_pkg/share/ament_index/resource_index/parent_prefix_path/lab3_pkg
[8.288s] -- Up-to-date: /home/trsa2024/ros2_lab3/install/lab3_pkg/share/lab3_pkg/environment/ament_prefix_path.sh
[8.288s] -- Up-to-date: /home/trsa2024/ros2_lab3/install/lab3_pkg/share/lab3_pkg/environment/ament_prefix_path.dsv
[8.288s] -- Up-to-date: /home/trsa2024/ros2_lab3/install/lab3_pkg/share/lab3_pkg/environment/path.sh
[8.289s] -- Up-to-date: /home/trsa2024/ros2_lab3/install/lab3_pkg/share/lab3_pkg/environment/path.dsv
[8.289s] -- Up-to-date: /home/trsa2024/ros2_lab3/install/lab3_pkg/share/lab3_pkg/local_setup.bash
[8.289s] -- Up-to-date: /home/trsa2024/ros2_lab3/install/lab3_pkg/share/lab3_pkg/local_setup.sh
[8.289s] -- Up-to-date: /home/trsa2024/ros2_lab3/install/lab3_pkg/share/lab3_pkg/local_setup.zsh
[8.290s] -- Up-to-date: /home/trsa2024/ros2_lab3/install/lab3_pkg/share/lab3_pkg/local_setup.dsv
[8.290s] -- Installing: /home/trsa2024/ros2_lab3/install/lab3_pkg/share/lab3_pkg/package.dsv
[8.290s] -- Up-to-date: /home/trsa2024/ros2_lab3/install/lab3_pkg/share/ament_index/resource_index/packages/lab3_pkg
[8.290s] -- Up-to-date: /home/trsa2024/ros2_lab3/install/lab3_pkg/share/lab3_pkg/cmake/ament_cmake_export_include_directories-extras.cmake
[8.290s] -- Up-to-date: /home/trsa2024/ros2_lab3/install/lab3_pkg/share/lab3_pkg/cmake/ament_cmake_export_libraries-extras.cmake
[8.290s] -- Up-to-date: /home/trsa2024/ros2_lab3/install/lab3_pkg/share/lab3_pkg/cmake/lab3_pkgConfig.cmake
[8.291s] -- Up-to-date: /home/trsa2024/ros2_lab3/install/lab3_pkg/share/lab3_pkg/cmake/lab3_pkgConfig-version.cmake
[8.291s] -- Up-to-date: /home/trsa2024/ros2_lab3/install/lab3_pkg/share/lab3_pkg/package.xml
[8.292s] Invoked command in '/home/trsa2024/ros2_lab3/build/lab3_pkg' returned '0': CMAKE_PREFIX_PATH=/opt/ros/humble /usr/bin/cmake --install /home/trsa2024/ros2_lab3/build/lab3_pkg
