-- Found ament_cmake: 1.3.6 (/opt/ros/humble/share/ament_cmake/cmake)
-- Found rclcpp: 16.0.7 (/opt/ros/humble/share/rclcpp/cmake)
-- Found rosidl_generator_c: 3.1.5 (/opt/ros/humble/share/rosidl_generator_c/cmake)
-- Found rosidl_adapter: 3.1.5 (/opt/ros/humble/share/rosidl_adapter/cmake)
-- Found rosidl_generator_cpp: 3.1.5 (/opt/ros/humble/share/rosidl_generator_cpp/cmake)
-- Using all available rosidl_typesupport_c: rosidl_typesupport_fastrtps_c;rosidl_typesupport_introspection_c
-- Using all available rosidl_typesupport_cpp: rosidl_typesupport_fastrtps_cpp;rosidl_typesupport_introspection_cpp
-- Found rmw_implementation_cmake: 6.1.1 (/opt/ros/humble/share/rmw_implementation_cmake/cmake)
-- Found rmw_cyclonedds_cpp: 1.3.4 (/opt/ros/humble/share/rmw_cyclonedds_cpp/cmake)
-- Using RMW implementation 'rmw_cyclonedds_cpp' as default
-- Found ament_lint_auto: 0.12.9 (/opt/ros/humble/share/ament_lint_auto/cmake)
-- Added test 'cppcheck' to perform static code analysis on C / C++ code
-- Configured cppcheck include dirs: /home/trsa2024/ros2_lab3/src/lab3_pkg/include
-- Configured cppcheck exclude dirs and/or files: 
-- Added test 'lint_cmake' to check CMake code style
-- Added test 'uncrustify' to check C / C++ code style
-- Configured uncrustify additional arguments: 
-- Added test 'xmllint' to check XML markup files
-- Configuring done
-- Generating done
-- Build files have been written to: /home/trsa2024/ros2_lab3/build/lab3_pkg
[35m[1mConsolidate compiler generated dependencies of target nav2_my_detection_plugin[0m
[100%] Built target nav2_my_detection_plugin
-- Install configuration: ""
-- Up-to-date: /home/trsa2024/ros2_lab3/install/lab3_pkg/lib/libnav2_my_detection_plugin.so
-- Up-to-date: /home/trsa2024/ros2_lab3/install/lab3_pkg/include/
-- Up-to-date: /home/trsa2024/ros2_lab3/install/lab3_pkg/include//lab3_pkg
-- Up-to-date: /home/trsa2024/ros2_lab3/install/lab3_pkg/include//lab3_pkg/DetectCone.hpp
-- Up-to-date: /home/trsa2024/ros2_lab3/install/lab3_pkg/share/lab3_pkg/environment/library_path.sh
-- Installing: /home/trsa2024/ros2_lab3/install/lab3_pkg/share/lab3_pkg/environment/library_path.dsv
-- Up-to-date: /home/trsa2024/ros2_lab3/install/lab3_pkg/share/ament_index/resource_index/package_run_dependencies/lab3_pkg
-- Up-to-date: /home/trsa2024/ros2_lab3/install/lab3_pkg/share/ament_index/resource_index/parent_prefix_path/lab3_pkg
-- Up-to-date: /home/trsa2024/ros2_lab3/install/lab3_pkg/share/lab3_pkg/environment/ament_prefix_path.sh
-- Installing: /home/trsa2024/ros2_lab3/install/lab3_pkg/share/lab3_pkg/environment/ament_prefix_path.dsv
-- Up-to-date: /home/trsa2024/ros2_lab3/install/lab3_pkg/share/lab3_pkg/environment/path.sh
-- Installing: /home/trsa2024/ros2_lab3/install/lab3_pkg/share/lab3_pkg/environment/path.dsv
-- Up-to-date: /home/trsa2024/ros2_lab3/install/lab3_pkg/share/lab3_pkg/local_setup.bash
-- Up-to-date: /home/trsa2024/ros2_lab3/install/lab3_pkg/share/lab3_pkg/local_setup.sh
-- Up-to-date: /home/trsa2024/ros2_lab3/install/lab3_pkg/share/lab3_pkg/local_setup.zsh
-- Installing: /home/trsa2024/ros2_lab3/install/lab3_pkg/share/lab3_pkg/local_setup.dsv
-- Installing: /home/trsa2024/ros2_lab3/install/lab3_pkg/share/lab3_pkg/package.dsv
-- Up-to-date: /home/trsa2024/ros2_lab3/install/lab3_pkg/share/ament_index/resource_index/packages/lab3_pkg
-- Up-to-date: /home/trsa2024/ros2_lab3/install/lab3_pkg/share/lab3_pkg/cmake/ament_cmake_export_include_directories-extras.cmake
-- Up-to-date: /home/trsa2024/ros2_lab3/install/lab3_pkg/share/lab3_pkg/cmake/ament_cmake_export_libraries-extras.cmake
-- Up-to-date: /home/trsa2024/ros2_lab3/install/lab3_pkg/share/lab3_pkg/cmake/lab3_pkgConfig.cmake
-- Up-to-date: /home/trsa2024/ros2_lab3/install/lab3_pkg/share/lab3_pkg/cmake/lab3_pkgConfig-version.cmake
-- Up-to-date: /home/trsa2024/ros2_lab3/install/lab3_pkg/share/lab3_pkg/package.xml
