[0.317s] Invoking command in '/home/trsa2024/ros2_lab3/build/lab3_pkg': CMAKE_PREFIX_PATH=/opt/ros/humble /usr/bin/cmake --build /home/trsa2024/ros2_lab3/build/lab3_pkg -- -j4 -l4
[0.349s] -- Found ament_cmake: 1.3.6 (/opt/ros/humble/share/ament_cmake/cmake)
[0.579s] -- Found rclcpp: 16.0.7 (/opt/ros/humble/share/rclcpp/cmake)
[0.649s] -- Found rosidl_generator_c: 3.1.5 (/opt/ros/humble/share/rosidl_generator_c/cmake)
[0.661s] -- Found rosidl_adapter: 3.1.5 (/opt/ros/humble/share/rosidl_adapter/cmake)
[0.680s] -- Found rosidl_generator_cpp: 3.1.5 (/opt/ros/humble/share/rosidl_generator_cpp/cmake)
[0.703s] -- Using all available rosidl_typesupport_c: rosidl_typesupport_fastrtps_c;rosidl_typesupport_introspection_c
[0.729s] -- Using all available rosidl_typesupport_cpp: rosidl_typesupport_fastrtps_cpp;rosidl_typesupport_introspection_cpp
[0.823s] -- Found rmw_implementation_cmake: 6.1.1 (/opt/ros/humble/share/rmw_implementation_cmake/cmake)
[0.828s] -- Found rmw_cyclonedds_cpp: 1.3.4 (/opt/ros/humble/share/rmw_cyclonedds_cpp/cmake)
[0.875s] -- Using RMW implementation 'rmw_cyclonedds_cpp' as default
[1.058s] -- Found ament_lint_auto: 0.12.9 (/opt/ros/humble/share/ament_lint_auto/cmake)
[1.150s] -- Added test 'cppcheck' to perform static code analysis on C / C++ code
[1.150s] -- Configured cppcheck include dirs: /home/trsa2024/ros2_lab3/src/lab3_pkg/include
[1.150s] -- Configured cppcheck exclude dirs and/or files: 
[1.151s] -- Added test 'lint_cmake' to check CMake code style
[1.153s] -- Added test 'uncrustify' to check C / C++ code style
[1.153s] -- Configured uncrustify additional arguments: 
[1.154s] -- Added test 'xmllint' to check XML markup files
[1.162s] -- Configuring done
[1.174s] -- Generating done
[1.177s] -- Build files have been written to: /home/trsa2024/ros2_lab3/build/lab3_pkg
[1.209s] [35m[1mConsolidate compiler generated dependencies of target nav2_my_detection_plugin[0m
[1.245s] [100%] Built target nav2_my_detection_plugin
[1.262s] Invoked command in '/home/trsa2024/ros2_lab3/build/lab3_pkg' returned '0': CMAKE_PREFIX_PATH=/opt/ros/humble /usr/bin/cmake --build /home/trsa2024/ros2_lab3/build/lab3_pkg -- -j4 -l4
[1.313s] Invoking command in '/home/trsa2024/ros2_lab3/build/lab3_pkg': CMAKE_PREFIX_PATH=/opt/ros/humble /usr/bin/cmake --install /home/trsa2024/ros2_lab3/build/lab3_pkg
[1.322s] -- Install configuration: ""
[1.322s] -- Up-to-date: /home/trsa2024/ros2_lab3/install/lab3_pkg/lib/libnav2_my_detection_plugin.so
[1.324s] -- Up-to-date: /home/trsa2024/ros2_lab3/install/lab3_pkg/include/
[1.324s] -- Up-to-date: /home/trsa2024/ros2_lab3/install/lab3_pkg/include//lab3_pkg
[1.324s] -- Up-to-date: /home/trsa2024/ros2_lab3/install/lab3_pkg/include//lab3_pkg/DetectCone.hpp
[1.325s] -- Up-to-date: /home/trsa2024/ros2_lab3/install/lab3_pkg/share/lab3_pkg/environment/library_path.sh
[1.325s] -- Installing: /home/trsa2024/ros2_lab3/install/lab3_pkg/share/lab3_pkg/environment/library_path.dsv
[1.326s] -- Up-to-date: /home/trsa2024/ros2_lab3/install/lab3_pkg/share/ament_index/resource_index/package_run_dependencies/lab3_pkg
[1.327s] -- Up-to-date: /home/trsa2024/ros2_lab3/install/lab3_pkg/share/ament_index/resource_index/parent_prefix_path/lab3_pkg
[1.327s] -- Up-to-date: /home/trsa2024/ros2_lab3/install/lab3_pkg/share/lab3_pkg/environment/ament_prefix_path.sh
[1.328s] -- Installing: /home/trsa2024/ros2_lab3/install/lab3_pkg/share/lab3_pkg/environment/ament_prefix_path.dsv
[1.329s] -- Up-to-date: /home/trsa2024/ros2_lab3/install/lab3_pkg/share/lab3_pkg/environment/path.sh
[1.329s] -- Installing: /home/trsa2024/ros2_lab3/install/lab3_pkg/share/lab3_pkg/environment/path.dsv
[1.331s] -- Up-to-date: /home/trsa2024/ros2_lab3/install/lab3_pkg/share/lab3_pkg/local_setup.bash
[1.331s] -- Up-to-date: /home/trsa2024/ros2_lab3/install/lab3_pkg/share/lab3_pkg/local_setup.sh
[1.332s] -- Up-to-date: /home/trsa2024/ros2_lab3/install/lab3_pkg/share/lab3_pkg/local_setup.zsh
[1.332s] -- Installing: /home/trsa2024/ros2_lab3/install/lab3_pkg/share/lab3_pkg/local_setup.dsv
[1.333s] -- Installing: /home/trsa2024/ros2_lab3/install/lab3_pkg/share/lab3_pkg/package.dsv
[1.334s] -- Up-to-date: /home/trsa2024/ros2_lab3/install/lab3_pkg/share/ament_index/resource_index/packages/lab3_pkg
[1.334s] -- Up-to-date: /home/trsa2024/ros2_lab3/install/lab3_pkg/share/lab3_pkg/cmake/ament_cmake_export_include_directories-extras.cmake
[1.335s] -- Up-to-date: /home/trsa2024/ros2_lab3/install/lab3_pkg/share/lab3_pkg/cmake/ament_cmake_export_libraries-extras.cmake
[1.335s] -- Up-to-date: /home/trsa2024/ros2_lab3/install/lab3_pkg/share/lab3_pkg/cmake/lab3_pkgConfig.cmake
[1.335s] -- Up-to-date: /home/trsa2024/ros2_lab3/install/lab3_pkg/share/lab3_pkg/cmake/lab3_pkgConfig-version.cmake
[1.336s] -- Up-to-date: /home/trsa2024/ros2_lab3/install/lab3_pkg/share/lab3_pkg/package.xml
[1.341s] Invoked command in '/home/trsa2024/ros2_lab3/build/lab3_pkg' returned '0': CMAKE_PREFIX_PATH=/opt/ros/humble /usr/bin/cmake --install /home/trsa2024/ros2_lab3/build/lab3_pkg
