[0.265s] Invoking command in '/home/trsa2024/ros2_lab3/build/lab3_pkg': CMAKE_PREFIX_PATH=/opt/ros/humble /usr/bin/cmake /home/trsa2024/ros2_lab3/src/lab3_pkg -DCMAKE_INSTALL_PREFIX=/home/trsa2024/ros2_lab3/install/lab3_pkg
[0.487s] -- The CXX compiler identification is GNU 11.4.0
[0.502s] -- Detecting CXX compiler ABI info
[0.611s] -- Detecting CXX compiler ABI info - done
[0.622s] -- Check for working CXX compiler: /usr/bin/c++ - skipped
[0.624s] -- Detecting CXX compile features
[0.625s] -- Detecting CXX compile features - done
[0.645s] -- Found ament_cmake: 1.3.6 (/opt/ros/humble/share/ament_cmake/cmake)
[1.070s] -- Found Python3: /usr/bin/python3.10 (found version "3.10.12") found components: Interpreter 
[1.278s] -- Found rclcpp: 16.0.7 (/opt/ros/humble/share/rclcpp/cmake)
[1.420s] -- Found rosidl_generator_c: 3.1.5 (/opt/ros/humble/share/rosidl_generator_c/cmake)
[1.429s] -- Found rosidl_adapter: 3.1.5 (/opt/ros/humble/share/rosidl_adapter/cmake)
[1.445s] -- Found rosidl_generator_cpp: 3.1.5 (/opt/ros/humble/share/rosidl_generator_cpp/cmake)
[1.474s] -- Using all available rosidl_typesupport_c: rosidl_typesupport_fastrtps_c;rosidl_typesupport_introspection_c
[1.506s] -- Using all available rosidl_typesupport_cpp: rosidl_typesupport_fastrtps_cpp;rosidl_typesupport_introspection_cpp
[1.617s] -- Found rmw_implementation_cmake: 6.1.1 (/opt/ros/humble/share/rmw_implementation_cmake/cmake)
[1.622s] -- Found rmw_cyclonedds_cpp: 1.3.4 (/opt/ros/humble/share/rmw_cyclonedds_cpp/cmake)
[1.678s] -- Using RMW implementation 'rmw_cyclonedds_cpp' as default
[1.701s] -- Looking for C++ include pthread.h
[1.805s] -- Looking for C++ include pthread.h - found
[1.805s] -- Performing Test CMAKE_HAVE_LIBC_PTHREAD
[1.916s] -- Performing Test CMAKE_HAVE_LIBC_PTHREAD - Success
[1.916s] -- Found Threads: TRUE  
[2.101s] -- Found ament_lint_auto: 0.12.9 (/opt/ros/humble/share/ament_lint_auto/cmake)
[2.205s] -- Added test 'cppcheck' to perform static code analysis on C / C++ code
[2.205s] -- Configured cppcheck include dirs: /home/trsa2024/ros2_lab3/src/lab3_pkg/include
[2.205s] -- Configured cppcheck exclude dirs and/or files: 
[2.207s] -- Added test 'lint_cmake' to check CMake code style
[2.208s] -- Added test 'uncrustify' to check C / C++ code style
[2.209s] -- Configured uncrustify additional arguments: 
[2.209s] -- Added test 'xmllint' to check XML markup files
[2.215s] -- Configuring done
[2.228s] -- Generating done
[2.230s] -- Build files have been written to: /home/trsa2024/ros2_lab3/build/lab3_pkg
[2.243s] Invoked command in '/home/trsa2024/ros2_lab3/build/lab3_pkg' returned '0': CMAKE_PREFIX_PATH=/opt/ros/humble /usr/bin/cmake /home/trsa2024/ros2_lab3/src/lab3_pkg -DCMAKE_INSTALL_PREFIX=/home/trsa2024/ros2_lab3/install/lab3_pkg
[2.243s] Invoking command in '/home/trsa2024/ros2_lab3/build/lab3_pkg': CMAKE_PREFIX_PATH=/opt/ros/humble /usr/bin/cmake --build /home/trsa2024/ros2_lab3/build/lab3_pkg -- -j4 -l4
[2.315s] [ 50%] [32mBuilding CXX object CMakeFiles/nav2_my_detection_plugin.dir/src/DetectCone.cpp.o[0m
[10.932s] [100%] [32m[1mLinking CXX shared library libnav2_my_detection_plugin.so[0m
[11.649s] [100%] Built target nav2_my_detection_plugin
[11.662s] Invoked command in '/home/trsa2024/ros2_lab3/build/lab3_pkg' returned '0': CMAKE_PREFIX_PATH=/opt/ros/humble /usr/bin/cmake --build /home/trsa2024/ros2_lab3/build/lab3_pkg -- -j4 -l4
[11.700s] Invoking command in '/home/trsa2024/ros2_lab3/build/lab3_pkg': CMAKE_PREFIX_PATH=/opt/ros/humble /usr/bin/cmake --install /home/trsa2024/ros2_lab3/build/lab3_pkg
[11.708s] -- Install configuration: ""
[11.708s] -- Installing: /home/trsa2024/ros2_lab3/install/lab3_pkg/lib/libnav2_my_detection_plugin.so
[11.718s] -- Set runtime path of "/home/trsa2024/ros2_lab3/install/lab3_pkg/lib/libnav2_my_detection_plugin.so" to ""
[11.718s] -- Installing: /home/trsa2024/ros2_lab3/install/lab3_pkg/include/
[11.718s] -- Installing: /home/trsa2024/ros2_lab3/install/lab3_pkg/include//lab3_pkg
[11.718s] -- Installing: /home/trsa2024/ros2_lab3/install/lab3_pkg/include//lab3_pkg/DetectConeOld.hpp
[11.718s] -- Installing: /home/trsa2024/ros2_lab3/install/lab3_pkg/include//lab3_pkg/DetectCone.hpp
[11.718s] -- Installing: /home/trsa2024/ros2_lab3/install/lab3_pkg/share/lab3_pkg/environment/library_path.sh
[11.718s] -- Installing: /home/trsa2024/ros2_lab3/install/lab3_pkg/share/lab3_pkg/environment/library_path.dsv
[11.719s] -- Installing: /home/trsa2024/ros2_lab3/install/lab3_pkg/share/ament_index/resource_index/package_run_dependencies/lab3_pkg
[11.719s] -- Installing: /home/trsa2024/ros2_lab3/install/lab3_pkg/share/ament_index/resource_index/parent_prefix_path/lab3_pkg
[11.719s] -- Installing: /home/trsa2024/ros2_lab3/install/lab3_pkg/share/lab3_pkg/environment/ament_prefix_path.sh
[11.719s] -- Installing: /home/trsa2024/ros2_lab3/install/lab3_pkg/share/lab3_pkg/environment/ament_prefix_path.dsv
[11.719s] -- Installing: /home/trsa2024/ros2_lab3/install/lab3_pkg/share/lab3_pkg/environment/path.sh
[11.720s] -- Installing: /home/trsa2024/ros2_lab3/install/lab3_pkg/share/lab3_pkg/environment/path.dsv
[11.720s] -- Installing: /home/trsa2024/ros2_lab3/install/lab3_pkg/share/lab3_pkg/local_setup.bash
[11.720s] -- Installing: /home/trsa2024/ros2_lab3/install/lab3_pkg/share/lab3_pkg/local_setup.sh
[11.720s] -- Installing: /home/trsa2024/ros2_lab3/install/lab3_pkg/share/lab3_pkg/local_setup.zsh
[11.720s] -- Installing: /home/trsa2024/ros2_lab3/install/lab3_pkg/share/lab3_pkg/local_setup.dsv
[11.720s] -- Installing: /home/trsa2024/ros2_lab3/install/lab3_pkg/share/lab3_pkg/package.dsv
[11.721s] -- Installing: /home/trsa2024/ros2_lab3/install/lab3_pkg/share/ament_index/resource_index/packages/lab3_pkg
[11.721s] -- Installing: /home/trsa2024/ros2_lab3/install/lab3_pkg/share/lab3_pkg/cmake/ament_cmake_export_include_directories-extras.cmake
[11.721s] -- Installing: /home/trsa2024/ros2_lab3/install/lab3_pkg/share/lab3_pkg/cmake/ament_cmake_export_libraries-extras.cmake
[11.721s] -- Installing: /home/trsa2024/ros2_lab3/install/lab3_pkg/share/lab3_pkg/cmake/lab3_pkgConfig.cmake
[11.721s] -- Installing: /home/trsa2024/ros2_lab3/install/lab3_pkg/share/lab3_pkg/cmake/lab3_pkgConfig-version.cmake
[11.722s] -- Installing: /home/trsa2024/ros2_lab3/install/lab3_pkg/share/lab3_pkg/package.xml
[11.724s] Invoked command in '/home/trsa2024/ros2_lab3/build/lab3_pkg' returned '0': CMAKE_PREFIX_PATH=/opt/ros/humble /usr/bin/cmake --install /home/trsa2024/ros2_lab3/build/lab3_pkg
